#
# There is insufficient memory for the Java Runtime Environment to continue.
# Native memory allocation (malloc) failed to allocate 816656 bytes. Error detail: Chunk::new
# Possible reasons:
#   The system is out of physical RAM or swap space
#   This process is running with CompressedOops enabled, and the Java Heap may be blocking the growth of the native heap
# Possible solutions:
#   Reduce memory load on the system
#   Increase physical memory or swap space
#   Check if swap backing store is full
#   Decrease Java heap size (-Xmx/-Xms)
#   Decrease number of Java threads
#   Decrease Java thread stack sizes (-Xss)
#   Set larger code cache with -XX:ReservedCodeCacheSize=
#   JVM is running with Unscaled Compressed Oops mode in which the Java heap is
#     placed in the first 4GB address space. The Java Heap base address is the
#     maximum limit for the native heap growth. Please use -XX:HeapBaseMinAddress
#     to set the Java Heap base and to place the Java Heap above 4GB virtual address.
# This output file may be truncated or incomplete.
#
#  Out of Memory Error (arena.cpp:191), pid=11288, tid=18444
#
# JRE version: OpenJDK Runtime Environment Microsoft-12574423 (17.0.17+10) (build 17.0.17+10-LTS)
# Java VM: OpenJDK 64-Bit Server VM Microsoft-12574423 (17.0.17+10-LTS, mixed mode, sharing, tiered, compressed oops, compressed class ptrs, g1 gc, windows-amd64)
# No core dump will be written. Minidumps are not enabled by default on client versions of Windows
#

---------------  S U M M A R Y ------------

Command Line: -javaagent:C:\Users\topan\AppData\Local\JetBrains\IdeaIC2025.2\captureAgent\debugger-agent.jar=file:///C:/Users/topan/AppData/Local/Temp/capture18003643208099206389.props -ea -Didea.test.cyclic.buffer.size=1048576 -javaagent:C:\Program Files\JetBrains\IntelliJ IDEA Community Edition 2025.2.4\lib\idea_rt.jar=59791 -Dkotlinx.coroutines.debug.enable.creation.stack.trace=false -Ddebugger.agent.enable.coroutines=true -Dkotlinx.coroutines.debug.enable.flows.stack.trace=true -Dkotlinx.coroutines.debug.enable.mutable.state.flows.stack.trace=true -Dfile.encoding=UTF-8 com.intellij.rt.testng.RemoteTestNGStarter -usedefaultlisteners false -socket59790 @w@C:\Users\topan\AppData\Local\Temp\idea_working_dirs_testng.tmp -temp C:\Users\topan\AppData\Local\Temp\idea_testng.tmp

Host: 11th Gen Intel(R) Core(TM) i3-1115G4 @ 3.00GHz, 4 cores, 7G,  Windows 11 , 64 bit Build 26100 (10.0.26100.6725)
Time: Sun Jan  4 08:59:52 2026 GTB Standard Time elapsed time: 2.224286 seconds (0d 0h 0m 2s)

---------------  T H R E A D  ---------------

Current thread (0x00000252647bc010):  JavaThread "C2 CompilerThread0" daemon [_thread_in_native, id=18444, stack(0x000000b593000000,0x000000b593100000)]


Current CompileTask:
C2:2224 2002       4       java.time.zone.Ser::readOffset (34 bytes)

Stack: [0x000000b593000000,0x000000b593100000]
Native frames: (J=compiled Java code, j=interpreted, Vv=VM code, C=native code)
V  [jvm.dll+0x68c459]  (no source info available)
V  [jvm.dll+0x845e09]  (no source info available)
V  [jvm.dll+0x847b78]  (no source info available)
V  [jvm.dll+0x848203]  (no source info available)
V  [jvm.dll+0x24cf6f]  (no source info available)
V  [jvm.dll+0xaecb6]  (no source info available)
V  [jvm.dll+0xaf35c]  (no source info available)
V  [jvm.dll+0x2b4b8f]  (no source info available)
V  [jvm.dll+0x594484]  (no source info available)
V  [jvm.dll+0x226d84]  (no source info available)
V  [jvm.dll+0x21fd8a]  (no source info available)
V  [jvm.dll+0x21d260]  (no source info available)
V  [jvm.dll+0x1a8ce6]  (no source info available)
V  [jvm.dll+0x22db1b]  (no source info available)
V  [jvm.dll+0x22bca6]  (no source info available)
V  [jvm.dll+0x7fb65b]  (no source info available)
V  [jvm.dll+0x7f5a5c]  (no source info available)
V  [jvm.dll+0x68d9f7]  (no source info available)
C  [ucrtbase.dll+0x37b0]  (no source info available)
C  [KERNEL32.DLL+0x2e8d7]  (no source info available)
C  [ntdll.dll+0x8c53c]  (no source info available)


---------------  P R O C E S S  ---------------

Threads class SMR info:
_java_thread_list=0x000002526995b0e0, length=15, elements={
0x0000025246d441c0, 0x000002526479a460, 0x000002526479c240, 0x00000252647b58d0,
0x00000252647b81b0, 0x00000252647b8a80, 0x00000252647b9350, 0x00000252647bc010,
0x000002526480c9e0, 0x0000025264839300, 0x0000025264782dd0, 0x00000252649b0a10,
0x0000025264b904c0, 0x0000025264b91520, 0x0000025269af0970
}

Java Threads: ( => current thread )
  0x0000025246d441c0 JavaThread "main" [_thread_in_Java, id=12208, stack(0x000000b592300000,0x000000b592400000)]
  0x000002526479a460 JavaThread "Reference Handler" daemon [_thread_blocked, id=21552, stack(0x000000b592a00000,0x000000b592b00000)]
  0x000002526479c240 JavaThread "Finalizer" daemon [_thread_blocked, id=7964, stack(0x000000b592b00000,0x000000b592c00000)]
  0x00000252647b58d0 JavaThread "Signal Dispatcher" daemon [_thread_blocked, id=5972, stack(0x000000b592c00000,0x000000b592d00000)]
  0x00000252647b81b0 JavaThread "Attach Listener" daemon [_thread_blocked, id=15824, stack(0x000000b592d00000,0x000000b592e00000)]
  0x00000252647b8a80 JavaThread "Service Thread" daemon [_thread_blocked, id=16400, stack(0x000000b592e00000,0x000000b592f00000)]
  0x00000252647b9350 JavaThread "Monitor Deflation Thread" daemon [_thread_blocked, id=25392, stack(0x000000b592f00000,0x000000b593000000)]
=>0x00000252647bc010 JavaThread "C2 CompilerThread0" daemon [_thread_in_native, id=18444, stack(0x000000b593000000,0x000000b593100000)]
  0x000002526480c9e0 JavaThread "C1 CompilerThread0" daemon [_thread_blocked, id=8076, stack(0x000000b593100000,0x000000b593200000)]
  0x0000025264839300 JavaThread "Sweeper thread" daemon [_thread_blocked, id=11344, stack(0x000000b593200000,0x000000b593300000)]
  0x0000025264782dd0 JavaThread "Common-Cleaner" daemon [_thread_blocked, id=8256, stack(0x000000b593300000,0x000000b593400000)]
  0x00000252649b0a10 JavaThread "IntelliJ Suspend Helper" daemon [_thread_blocked, id=20292, stack(0x000000b593400000,0x000000b593500000)]
  0x0000025264b904c0 JavaThread "Monitor Ctrl-Break" daemon [_thread_in_native, id=24984, stack(0x000000b593500000,0x000000b593600000)]
  0x0000025264b91520 JavaThread "Notification Thread" daemon [_thread_blocked, id=12968, stack(0x000000b593600000,0x000000b593700000)]
  0x0000025269af0970 JavaThread "C2 CompilerThread1" daemon [_thread_in_native, id=6940, stack(0x000000b593800000,0x000000b593900000)]

Other Threads:
  0x0000025264792040 VMThread "VM Thread" [stack: 0x000000b592900000,0x000000b592a00000] [id=7336]
  0x0000025264b6a3f0 WatcherThread [stack: 0x000000b593700000,0x000000b593800000] [id=3080]
  0x0000025246d9eb10 GCTaskThread "GC Thread#0" [stack: 0x000000b592400000,0x000000b592500000] [id=25484]
  0x00000252697b2580 GCTaskThread "GC Thread#1" [stack: 0x000000b593900000,0x000000b593a00000] [id=19864]
  0x000002526985a030 GCTaskThread "GC Thread#2" [stack: 0x000000b593a00000,0x000000b593b00000] [id=15056]
  0x00000252695bb630 GCTaskThread "GC Thread#3" [stack: 0x000000b593b00000,0x000000b593c00000] [id=25492]
  0x0000025246d5cb50 ConcurrentGCThread "G1 Main Marker" [stack: 0x000000b592500000,0x000000b592600000] [id=7152]
  0x0000025246db1dc0 ConcurrentGCThread "G1 Conc#0" [stack: 0x000000b592600000,0x000000b592700000] [id=24912]
  0x00000252646531a0 ConcurrentGCThread "G1 Refine#0" [stack: 0x000000b592700000,0x000000b592800000] [id=5636]
  0x000002526ae0f680 ConcurrentGCThread "G1 Refine#1" [stack: 0x000000b593c00000,0x000000b593d00000] [id=25356]
  0x0000025264654c60 ConcurrentGCThread "G1 Service" [stack: 0x000000b592800000,0x000000b592900000] [id=19884]

Threads with active compile tasks:
C2 CompilerThread0  2250 2002       4       java.time.zone.Ser::readOffset (34 bytes)
C2 CompilerThread1  2250 2009       4       java.time.ZoneOffset::ofTotalSeconds (110 bytes)

VM state: not at safepoint (normal execution)

VM Mutex/Monitor currently owned by a thread: None

Heap address: 0x0000000083600000, size: 1994 MB, Compressed Oops mode: 32-bit

CDS archive(s) mapped at: [0x0000025200000000-0x0000025200bb0000-0x0000025200bb0000), size 12255232, SharedBaseAddress: 0x0000025200000000, ArchiveRelocationMode: 1.
Compressed class space mapped at: 0x0000025201000000-0x0000025241000000, reserved size: 1073741824
Narrow klass base: 0x0000025200000000, Narrow klass shift: 0, Narrow klass range: 0x100000000

GC Precious Log:
 CPUs: 4 total, 4 available
 Memory: 7975M
 Large Page Support: Disabled
 NUMA Support: Disabled
 Compressed Oops: Enabled (32-bit)
 Heap Region Size: 1M
 Heap Min Capacity: 8M
 Heap Initial Capacity: 126M
 Heap Max Capacity: 1994M
 Pre-touch: Disabled
 Parallel Workers: 4
 Concurrent Workers: 1
 Concurrent Refinement Workers: 4
 Periodic GC: Disabled

Heap:
 garbage-first heap   total 129024K, used 13376K [0x0000000083600000, 0x0000000100000000)
  region size 1024K, 6 young (6144K), 5 survivors (5120K)
 Metaspace       used 16008K, committed 16256K, reserved 1114112K
  class space    used 1656K, committed 1792K, reserved 1048576K

Heap Regions: E=young(eden), S=young(survivor), O=old, HS=humongous(starts), HC=humongous(continues), CS=collection set, F=free, OA=open archive, CA=closed archive, TAMS=top-at-mark-start (previous, next)
|   0|0x0000000083600000, 0x0000000083700000, 0x0000000083700000|100%|HS|  |TAMS 0x0000000083600000, 0x0000000083600000| Complete 
|   1|0x0000000083700000, 0x0000000083800000, 0x0000000083800000|100%| O|  |TAMS 0x0000000083700000, 0x0000000083700000| Untracked 
|   2|0x0000000083800000, 0x0000000083900000, 0x0000000083900000|100%| O|  |TAMS 0x0000000083800000, 0x0000000083800000| Untracked 
|   3|0x0000000083900000, 0x0000000083a00000, 0x0000000083a00000|100%| O|  |TAMS 0x0000000083900000, 0x0000000083900000| Untracked 
|   4|0x0000000083a00000, 0x0000000083b00000, 0x0000000083b00000|100%| O|  |TAMS 0x0000000083a00000, 0x0000000083a00000| Untracked 
|   5|0x0000000083b00000, 0x0000000083c00000, 0x0000000083c00000|100%| O|  |TAMS 0x0000000083b00000, 0x0000000083b00000| Untracked 
|   6|0x0000000083c00000, 0x0000000083d00000, 0x0000000083d00000|100%| O|  |TAMS 0x0000000083c00000, 0x0000000083c00000| Untracked 
|   7|0x0000000083d00000, 0x0000000083e00000, 0x0000000083e00000|100%| O|  |TAMS 0x0000000083d00000, 0x0000000083d00000| Untracked 
|   8|0x0000000083e00000, 0x0000000083e10208, 0x0000000083f00000|  6%| O|  |TAMS 0x0000000083e00000, 0x0000000083e00000| Untracked 
|   9|0x0000000083f00000, 0x0000000083f00000, 0x0000000084000000|  0%| F|  |TAMS 0x0000000083f00000, 0x0000000083f00000| Untracked 
|  10|0x0000000084000000, 0x0000000084000000, 0x0000000084100000|  0%| F|  |TAMS 0x0000000084000000, 0x0000000084000000| Untracked 
|  11|0x0000000084100000, 0x0000000084100000, 0x0000000084200000|  0%| F|  |TAMS 0x0000000084100000, 0x0000000084100000| Untracked 
|  12|0x0000000084200000, 0x0000000084200000, 0x0000000084300000|  0%| F|  |TAMS 0x0000000084200000, 0x0000000084200000| Untracked 
|  13|0x0000000084300000, 0x0000000084300000, 0x0000000084400000|  0%| F|  |TAMS 0x0000000084300000, 0x0000000084300000| Untracked 
|  14|0x0000000084400000, 0x0000000084400000, 0x0000000084500000|  0%| F|  |TAMS 0x0000000084400000, 0x0000000084400000| Untracked 
|  15|0x0000000084500000, 0x0000000084500000, 0x0000000084600000|  0%| F|  |TAMS 0x0000000084500000, 0x0000000084500000| Untracked 
|  16|0x0000000084600000, 0x0000000084600000, 0x0000000084700000|  0%| F|  |TAMS 0x0000000084600000, 0x0000000084600000| Untracked 
|  17|0x0000000084700000, 0x0000000084700000, 0x0000000084800000|  0%| F|  |TAMS 0x0000000084700000, 0x0000000084700000| Untracked 
|  18|0x0000000084800000, 0x0000000084800000, 0x0000000084900000|  0%| F|  |TAMS 0x0000000084800000, 0x0000000084800000| Untracked 
|  19|0x0000000084900000, 0x0000000084900000, 0x0000000084a00000|  0%| F|  |TAMS 0x0000000084900000, 0x0000000084900000| Untracked 
|  20|0x0000000084a00000, 0x0000000084a00000, 0x0000000084b00000|  0%| F|  |TAMS 0x0000000084a00000, 0x0000000084a00000| Untracked 
|  21|0x0000000084b00000, 0x0000000084b00000, 0x0000000084c00000|  0%| F|  |TAMS 0x0000000084b00000, 0x0000000084b00000| Untracked 
|  22|0x0000000084c00000, 0x0000000084c00000, 0x0000000084d00000|  0%| F|  |TAMS 0x0000000084c00000, 0x0000000084c00000| Untracked 
|  23|0x0000000084d00000, 0x0000000084d00000, 0x0000000084e00000|  0%| F|  |TAMS 0x0000000084d00000, 0x0000000084d00000| Untracked 
|  24|0x0000000084e00000, 0x0000000084e00000, 0x0000000084f00000|  0%| F|  |TAMS 0x0000000084e00000, 0x0000000084e00000| Untracked 
|  25|0x0000000084f00000, 0x0000000084f00000, 0x0000000085000000|  0%| F|  |TAMS 0x0000000084f00000, 0x0000000084f00000| Untracked 
|  26|0x0000000085000000, 0x0000000085000000, 0x0000000085100000|  0%| F|  |TAMS 0x0000000085000000, 0x0000000085000000| Untracked 
|  27|0x0000000085100000, 0x0000000085100000, 0x0000000085200000|  0%| F|  |TAMS 0x0000000085100000, 0x0000000085100000| Untracked 
|  28|0x0000000085200000, 0x0000000085200000, 0x0000000085300000|  0%| F|  |TAMS 0x0000000085200000, 0x0000000085200000| Untracked 
|  29|0x0000000085300000, 0x0000000085300000, 0x0000000085400000|  0%| F|  |TAMS 0x0000000085300000, 0x0000000085300000| Untracked 
|  30|0x0000000085400000, 0x0000000085400000, 0x0000000085500000|  0%| F|  |TAMS 0x0000000085400000, 0x0000000085400000| Untracked 
|  31|0x0000000085500000, 0x0000000085500000, 0x0000000085600000|  0%| F|  |TAMS 0x0000000085500000, 0x0000000085500000| Untracked 
|  32|0x0000000085600000, 0x0000000085600000, 0x0000000085700000|  0%| F|  |TAMS 0x0000000085600000, 0x0000000085600000| Untracked 
|  33|0x0000000085700000, 0x0000000085700000, 0x0000000085800000|  0%| F|  |TAMS 0x0000000085700000, 0x0000000085700000| Untracked 
|  34|0x0000000085800000, 0x0000000085800000, 0x0000000085900000|  0%| F|  |TAMS 0x0000000085800000, 0x0000000085800000| Untracked 
|  35|0x0000000085900000, 0x0000000085900000, 0x0000000085a00000|  0%| F|  |TAMS 0x0000000085900000, 0x0000000085900000| Untracked 
|  36|0x0000000085a00000, 0x0000000085a00000, 0x0000000085b00000|  0%| F|  |TAMS 0x0000000085a00000, 0x0000000085a00000| Untracked 
|  37|0x0000000085b00000, 0x0000000085b00000, 0x0000000085c00000|  0%| F|  |TAMS 0x0000000085b00000, 0x0000000085b00000| Untracked 
|  38|0x0000000085c00000, 0x0000000085c00000, 0x0000000085d00000|  0%| F|  |TAMS 0x0000000085c00000, 0x0000000085c00000| Untracked 
|  39|0x0000000085d00000, 0x0000000085d00000, 0x0000000085e00000|  0%| F|  |TAMS 0x0000000085d00000, 0x0000000085d00000| Untracked 
|  40|0x0000000085e00000, 0x0000000085e00000, 0x0000000085f00000|  0%| F|  |TAMS 0x0000000085e00000, 0x0000000085e00000| Untracked 
|  41|0x0000000085f00000, 0x0000000085f00000, 0x0000000086000000|  0%| F|  |TAMS 0x0000000085f00000, 0x0000000085f00000| Untracked 
|  42|0x0000000086000000, 0x0000000086000000, 0x0000000086100000|  0%| F|  |TAMS 0x0000000086000000, 0x0000000086000000| Untracked 
|  43|0x0000000086100000, 0x0000000086100000, 0x0000000086200000|  0%| F|  |TAMS 0x0000000086100000, 0x0000000086100000| Untracked 
|  44|0x0000000086200000, 0x0000000086200000, 0x0000000086300000|  0%| F|  |TAMS 0x0000000086200000, 0x0000000086200000| Untracked 
|  45|0x0000000086300000, 0x0000000086300000, 0x0000000086400000|  0%| F|  |TAMS 0x0000000086300000, 0x0000000086300000| Untracked 
|  46|0x0000000086400000, 0x0000000086400000, 0x0000000086500000|  0%| F|  |TAMS 0x0000000086400000, 0x0000000086400000| Untracked 
|  47|0x0000000086500000, 0x0000000086500000, 0x0000000086600000|  0%| F|  |TAMS 0x0000000086500000, 0x0000000086500000| Untracked 
|  48|0x0000000086600000, 0x0000000086600000, 0x0000000086700000|  0%| F|  |TAMS 0x0000000086600000, 0x0000000086600000| Untracked 
|  49|0x0000000086700000, 0x0000000086700000, 0x0000000086800000|  0%| F|  |TAMS 0x0000000086700000, 0x0000000086700000| Untracked 
|  50|0x0000000086800000, 0x0000000086800000, 0x0000000086900000|  0%| F|  |TAMS 0x0000000086800000, 0x0000000086800000| Untracked 
|  51|0x0000000086900000, 0x0000000086900000, 0x0000000086a00000|  0%| F|  |TAMS 0x0000000086900000, 0x0000000086900000| Untracked 
|  52|0x0000000086a00000, 0x0000000086a00000, 0x0000000086b00000|  0%| F|  |TAMS 0x0000000086a00000, 0x0000000086a00000| Untracked 
|  53|0x0000000086b00000, 0x0000000086b00000, 0x0000000086c00000|  0%| F|  |TAMS 0x0000000086b00000, 0x0000000086b00000| Untracked 
|  54|0x0000000086c00000, 0x0000000086c00000, 0x0000000086d00000|  0%| F|  |TAMS 0x0000000086c00000, 0x0000000086c00000| Untracked 
|  55|0x0000000086d00000, 0x0000000086d00000, 0x0000000086e00000|  0%| F|  |TAMS 0x0000000086d00000, 0x0000000086d00000| Untracked 
|  56|0x0000000086e00000, 0x0000000086e00000, 0x0000000086f00000|  0%| F|  |TAMS 0x0000000086e00000, 0x0000000086e00000| Untracked 
|  57|0x0000000086f00000, 0x0000000086f00000, 0x0000000087000000|  0%| F|  |TAMS 0x0000000086f00000, 0x0000000086f00000| Untracked 
|  58|0x0000000087000000, 0x0000000087000000, 0x0000000087100000|  0%| F|  |TAMS 0x0000000087000000, 0x0000000087000000| Untracked 
|  59|0x0000000087100000, 0x0000000087100000, 0x0000000087200000|  0%| F|  |TAMS 0x0000000087100000, 0x0000000087100000| Untracked 
|  60|0x0000000087200000, 0x0000000087200000, 0x0000000087300000|  0%| F|  |TAMS 0x0000000087200000, 0x0000000087200000| Untracked 
|  61|0x0000000087300000, 0x0000000087300000, 0x0000000087400000|  0%| F|  |TAMS 0x0000000087300000, 0x0000000087300000| Untracked 
|  62|0x0000000087400000, 0x0000000087400000, 0x0000000087500000|  0%| F|  |TAMS 0x0000000087400000, 0x0000000087400000| Untracked 
|  63|0x0000000087500000, 0x0000000087500000, 0x0000000087600000|  0%| F|  |TAMS 0x0000000087500000, 0x0000000087500000| Untracked 
|  64|0x0000000087600000, 0x0000000087600000, 0x0000000087700000|  0%| F|  |TAMS 0x0000000087600000, 0x0000000087600000| Untracked 
|  65|0x0000000087700000, 0x0000000087700000, 0x0000000087800000|  0%| F|  |TAMS 0x0000000087700000, 0x0000000087700000| Untracked 
|  66|0x0000000087800000, 0x0000000087800000, 0x0000000087900000|  0%| F|  |TAMS 0x0000000087800000, 0x0000000087800000| Untracked 
|  67|0x0000000087900000, 0x0000000087900000, 0x0000000087a00000|  0%| F|  |TAMS 0x0000000087900000, 0x0000000087900000| Untracked 
|  68|0x0000000087a00000, 0x0000000087a00000, 0x0000000087b00000|  0%| F|  |TAMS 0x0000000087a00000, 0x0000000087a00000| Untracked 
|  69|0x0000000087b00000, 0x0000000087b00000, 0x0000000087c00000|  0%| F|  |TAMS 0x0000000087b00000, 0x0000000087b00000| Untracked 
|  70|0x0000000087c00000, 0x0000000087c00000, 0x0000000087d00000|  0%| F|  |TAMS 0x0000000087c00000, 0x0000000087c00000| Untracked 
|  71|0x0000000087d00000, 0x0000000087d00000, 0x0000000087e00000|  0%| F|  |TAMS 0x0000000087d00000, 0x0000000087d00000| Untracked 
|  72|0x0000000087e00000, 0x0000000087e00000, 0x0000000087f00000|  0%| F|  |TAMS 0x0000000087e00000, 0x0000000087e00000| Untracked 
|  73|0x0000000087f00000, 0x0000000087f00000, 0x0000000088000000|  0%| F|  |TAMS 0x0000000087f00000, 0x0000000087f00000| Untracked 
|  74|0x0000000088000000, 0x0000000088000000, 0x0000000088100000|  0%| F|  |TAMS 0x0000000088000000, 0x0000000088000000| Untracked 
|  75|0x0000000088100000, 0x0000000088100000, 0x0000000088200000|  0%| F|  |TAMS 0x0000000088100000, 0x0000000088100000| Untracked 
|  76|0x0000000088200000, 0x0000000088200000, 0x0000000088300000|  0%| F|  |TAMS 0x0000000088200000, 0x0000000088200000| Untracked 
|  77|0x0000000088300000, 0x0000000088300000, 0x0000000088400000|  0%| F|  |TAMS 0x0000000088300000, 0x0000000088300000| Untracked 
|  78|0x0000000088400000, 0x0000000088400000, 0x0000000088500000|  0%| F|  |TAMS 0x0000000088400000, 0x0000000088400000| Untracked 
|  79|0x0000000088500000, 0x0000000088500000, 0x0000000088600000|  0%| F|  |TAMS 0x0000000088500000, 0x0000000088500000| Untracked 
|  80|0x0000000088600000, 0x0000000088600000, 0x0000000088700000|  0%| F|  |TAMS 0x0000000088600000, 0x0000000088600000| Untracked 
|  81|0x0000000088700000, 0x0000000088700000, 0x0000000088800000|  0%| F|  |TAMS 0x0000000088700000, 0x0000000088700000| Untracked 
|  82|0x0000000088800000, 0x0000000088800000, 0x0000000088900000|  0%| F|  |TAMS 0x0000000088800000, 0x0000000088800000| Untracked 
|  83|0x0000000088900000, 0x0000000088900000, 0x0000000088a00000|  0%| F|  |TAMS 0x0000000088900000, 0x0000000088900000| Untracked 
|  84|0x0000000088a00000, 0x0000000088a00000, 0x0000000088b00000|  0%| F|  |TAMS 0x0000000088a00000, 0x0000000088a00000| Untracked 
|  85|0x0000000088b00000, 0x0000000088b00000, 0x0000000088c00000|  0%| F|  |TAMS 0x0000000088b00000, 0x0000000088b00000| Untracked 
|  86|0x0000000088c00000, 0x0000000088c00000, 0x0000000088d00000|  0%| F|  |TAMS 0x0000000088c00000, 0x0000000088c00000| Untracked 
|  87|0x0000000088d00000, 0x0000000088d00000, 0x0000000088e00000|  0%| F|  |TAMS 0x0000000088d00000, 0x0000000088d00000| Untracked 
|  88|0x0000000088e00000, 0x0000000088f00000, 0x0000000088f00000|100%| S|CS|TAMS 0x0000000088e00000, 0x0000000088e00000| Complete 
|  89|0x0000000088f00000, 0x0000000089000000, 0x0000000089000000|100%| S|CS|TAMS 0x0000000088f00000, 0x0000000088f00000| Complete 
|  90|0x0000000089000000, 0x0000000089100000, 0x0000000089100000|100%| S|CS|TAMS 0x0000000089000000, 0x0000000089000000| Complete 
|  91|0x0000000089100000, 0x0000000089200000, 0x0000000089200000|100%| S|CS|TAMS 0x0000000089100000, 0x0000000089100000| Complete 
|  92|0x0000000089200000, 0x0000000089300000, 0x0000000089300000|100%| S|CS|TAMS 0x0000000089200000, 0x0000000089200000| Complete 
|  93|0x0000000089300000, 0x0000000089300000, 0x0000000089400000|  0%| F|  |TAMS 0x0000000089300000, 0x0000000089300000| Untracked 
|  94|0x0000000089400000, 0x0000000089400000, 0x0000000089500000|  0%| F|  |TAMS 0x0000000089400000, 0x0000000089400000| Untracked 
|  95|0x0000000089500000, 0x0000000089500000, 0x0000000089600000|  0%| F|  |TAMS 0x0000000089500000, 0x0000000089500000| Untracked 
|  96|0x0000000089600000, 0x0000000089600000, 0x0000000089700000|  0%| F|  |TAMS 0x0000000089600000, 0x0000000089600000| Untracked 
|  97|0x0000000089700000, 0x0000000089700000, 0x0000000089800000|  0%| F|  |TAMS 0x0000000089700000, 0x0000000089700000| Untracked 
|  98|0x0000000089800000, 0x0000000089800000, 0x0000000089900000|  0%| F|  |TAMS 0x0000000089800000, 0x0000000089800000| Untracked 
|  99|0x0000000089900000, 0x0000000089900000, 0x0000000089a00000|  0%| F|  |TAMS 0x0000000089900000, 0x0000000089900000| Untracked 
| 100|0x0000000089a00000, 0x0000000089a00000, 0x0000000089b00000|  0%| F|  |TAMS 0x0000000089a00000, 0x0000000089a00000| Untracked 
| 101|0x0000000089b00000, 0x0000000089b00000, 0x0000000089c00000|  0%| F|  |TAMS 0x0000000089b00000, 0x0000000089b00000| Untracked 
| 102|0x0000000089c00000, 0x0000000089c00000, 0x0000000089d00000|  0%| F|  |TAMS 0x0000000089c00000, 0x0000000089c00000| Untracked 
| 103|0x0000000089d00000, 0x0000000089d00000, 0x0000000089e00000|  0%| F|  |TAMS 0x0000000089d00000, 0x0000000089d00000| Untracked 
| 104|0x0000000089e00000, 0x0000000089e00000, 0x0000000089f00000|  0%| F|  |TAMS 0x0000000089e00000, 0x0000000089e00000| Untracked 
| 105|0x0000000089f00000, 0x0000000089f00000, 0x000000008a000000|  0%| F|  |TAMS 0x0000000089f00000, 0x0000000089f00000| Untracked 
| 106|0x000000008a000000, 0x000000008a000000, 0x000000008a100000|  0%| F|  |TAMS 0x000000008a000000, 0x000000008a000000| Untracked 
| 107|0x000000008a100000, 0x000000008a100000, 0x000000008a200000|  0%| F|  |TAMS 0x000000008a100000, 0x000000008a100000| Untracked 
| 108|0x000000008a200000, 0x000000008a200000, 0x000000008a300000|  0%| F|  |TAMS 0x000000008a200000, 0x000000008a200000| Untracked 
| 109|0x000000008a300000, 0x000000008a300000, 0x000000008a400000|  0%| F|  |TAMS 0x000000008a300000, 0x000000008a300000| Untracked 
| 110|0x000000008a400000, 0x000000008a400000, 0x000000008a500000|  0%| F|  |TAMS 0x000000008a400000, 0x000000008a400000| Untracked 
| 111|0x000000008a500000, 0x000000008a500000, 0x000000008a600000|  0%| F|  |TAMS 0x000000008a500000, 0x000000008a500000| Untracked 
| 112|0x000000008a600000, 0x000000008a600000, 0x000000008a700000|  0%| F|  |TAMS 0x000000008a600000, 0x000000008a600000| Untracked 
| 113|0x000000008a700000, 0x000000008a700000, 0x000000008a800000|  0%| F|  |TAMS 0x000000008a700000, 0x000000008a700000| Untracked 
| 114|0x000000008a800000, 0x000000008a800000, 0x000000008a900000|  0%| F|  |TAMS 0x000000008a800000, 0x000000008a800000| Untracked 
| 115|0x000000008a900000, 0x000000008a900000, 0x000000008aa00000|  0%| F|  |TAMS 0x000000008a900000, 0x000000008a900000| Untracked 
| 116|0x000000008aa00000, 0x000000008aa00000, 0x000000008ab00000|  0%| F|  |TAMS 0x000000008aa00000, 0x000000008aa00000| Untracked 
| 117|0x000000008ab00000, 0x000000008ab00000, 0x000000008ac00000|  0%| F|  |TAMS 0x000000008ab00000, 0x000000008ab00000| Untracked 
| 118|0x000000008ac00000, 0x000000008ac00000, 0x000000008ad00000|  0%| F|  |TAMS 0x000000008ac00000, 0x000000008ac00000| Untracked 
| 119|0x000000008ad00000, 0x000000008ad00000, 0x000000008ae00000|  0%| F|  |TAMS 0x000000008ad00000, 0x000000008ad00000| Untracked 
| 120|0x000000008ae00000, 0x000000008ae00000, 0x000000008af00000|  0%| F|  |TAMS 0x000000008ae00000, 0x000000008ae00000| Untracked 
| 121|0x000000008af00000, 0x000000008af00000, 0x000000008b000000|  0%| F|  |TAMS 0x000000008af00000, 0x000000008af00000| Untracked 
| 122|0x000000008b000000, 0x000000008b000000, 0x000000008b100000|  0%| F|  |TAMS 0x000000008b000000, 0x000000008b000000| Untracked 
| 123|0x000000008b100000, 0x000000008b100000, 0x000000008b200000|  0%| F|  |TAMS 0x000000008b100000, 0x000000008b100000| Untracked 
| 124|0x000000008b200000, 0x000000008b200000, 0x000000008b300000|  0%| F|  |TAMS 0x000000008b200000, 0x000000008b200000| Untracked 
| 125|0x000000008b300000, 0x000000008b400000, 0x000000008b400000|100%| E|  |TAMS 0x000000008b300000, 0x000000008b300000| Complete 

Card table byte_map: [0x000002525dca0000,0x000002525e090000] _byte_map_base: 0x000002525d885000

Marking Bits (Prev, Next): (CMBitMap*) 0x0000025246d5c250, (CMBitMap*) 0x0000025246d5c290
 Prev Bits: [0x000002525e480000, 0x00000252603a8000)
 Next Bits: [0x00000252603b0000, 0x00000252622d8000)

Polling page: 0x0000025246340000

Metaspace:

Usage:
  Non-class:     14.05 MB used.
      Class:      1.62 MB used.
       Both:     15.67 MB used.

Virtual space:
  Non-class space:       64.00 MB reserved,      14.19 MB ( 22%) committed,  1 nodes.
      Class space:        1.00 GB reserved,       1.75 MB ( <1%) committed,  1 nodes.
             Both:        1.06 GB reserved,      15.94 MB (  1%) committed. 

Chunk freelists:
   Non-Class:  976.00 KB
       Class:  14.13 MB
        Both:  15.08 MB

MaxMetaspaceSize: unlimited
CompressedClassSpaceSize: 1.00 GB
Initial GC threshold: 21.00 MB
Current GC threshold: 21.00 MB
CDS: on
MetaspaceReclaimPolicy: balanced
 - commit_granule_bytes: 65536.
 - commit_granule_words: 8192.
 - virtual_space_node_default_size: 8388608.
 - enlarge_chunks_in_place: 1.
 - new_chunks_are_fully_committed: 0.
 - uncommit_free_chunks: 1.
 - use_allocation_guard: 0.
 - handle_deallocations: 1.


Internal statistics:

num_allocs_failed_limit: 0.
num_arena_births: 266.
num_arena_deaths: 0.
num_vsnodes_births: 2.
num_vsnodes_deaths: 0.
num_space_committed: 255.
num_space_uncommitted: 0.
num_chunks_returned_to_freelist: 0.
num_chunks_taken_from_freelist: 557.
num_chunk_merges: 0.
num_chunk_splits: 334.
num_chunks_enlarged: 187.
num_inconsistent_stats: 0.

CodeHeap 'non-profiled nmethods': size=120000Kb used=820Kb max_used=820Kb free=119179Kb
 bounds [0x0000025256380000, 0x00000252565f0000, 0x000002525d8b0000]
CodeHeap 'profiled nmethods': size=120000Kb used=3928Kb max_used=3928Kb free=116071Kb
 bounds [0x000002524e8b0000, 0x000002524ec90000, 0x0000025255de0000]
CodeHeap 'non-nmethods': size=5760Kb used=1212Kb max_used=1236Kb free=4547Kb
 bounds [0x0000025255de0000, 0x0000025256050000, 0x0000025256380000]
 total_blobs=2571 nmethods=2065 adapters=418
 compilation: enabled
              stopped_count=0, restarted_count=0
 full_count=0

Compilation events (20 events):
Event: 2.162 Thread 0x000002526480c9e0 2056       3       java.util.TimeZone::toZoneId0 (101 bytes)
Event: 2.162 Thread 0x000002526480c9e0 nmethod 2056 0x000002524ec79c90 code [0x000002524ec79e80, 0x000002524ec7a468]
Event: 2.162 Thread 0x000002526480c9e0 2057       3       java.time.zone.ZoneRules::isFixedOffset (48 bytes)
Event: 2.163 Thread 0x000002526480c9e0 nmethod 2057 0x000002524ec7a610 code [0x000002524ec7a7e0, 0x000002524ec7aaa8]
Event: 2.166 Thread 0x000002526480c9e0 2058   !   3       sun.util.calendar.ZoneInfoFile::getZoneInfo0 (149 bytes)
Event: 2.167 Thread 0x000002526480c9e0 nmethod 2058 0x000002524ec7ac90 code [0x000002524ec7b000, 0x000002524ec7c5f8]
Event: 2.167 Thread 0x000002526480c9e0 2059       3       java.time.ZoneId::of (85 bytes)
Event: 2.167 Thread 0x000002526480c9e0 nmethod 2059 0x000002524ec7cf90 code [0x000002524ec7d240, 0x000002524ec7db78]
Event: 2.167 Thread 0x000002526480c9e0 2060       3       java.time.Month::of (46 bytes)
Event: 2.168 Thread 0x000002526480c9e0 nmethod 2060 0x000002524ec7df10 code [0x000002524ec7e140, 0x000002524ec7e778]
Event: 2.168 Thread 0x000002526480c9e0 2061       3       java.time.DayOfWeek::of (46 bytes)
Event: 2.168 Thread 0x000002526480c9e0 nmethod 2061 0x000002524ec7ea10 code [0x000002524ec7ec40, 0x000002524ec7f278]
Event: 2.168 Thread 0x000002526480c9e0 2062       3       java.time.zone.ZoneOffsetTransitionRule::of (136 bytes)
Event: 2.169 Thread 0x000002526480c9e0 nmethod 2062 0x000002524ec7f510 code [0x000002524ec7f7e0, 0x000002524ec806c8]
Event: 2.169 Thread 0x000002526480c9e0 2063       3       java.time.LocalTime::of (40 bytes)
Event: 2.169 Thread 0x000002526480c9e0 nmethod 2063 0x000002524ec80c10 code [0x000002524ec80e00, 0x000002524ec81258]
Event: 2.172 Thread 0x000002526480c9e0 2064       3       java.util.regex.Matcher::find (69 bytes)
Event: 2.172 Thread 0x000002526480c9e0 nmethod 2064 0x000002524ec81510 code [0x000002524ec816e0, 0x000002524ec819c8]
Event: 2.172 Thread 0x000002526480c9e0 2065       3       java.lang.CharacterDataLatin1::digit (32 bytes)
Event: 2.173 Thread 0x000002526480c9e0 nmethod 2065 0x000002524ec81b10 code [0x000002524ec81cc0, 0x000002524ec81f18]

GC Heap History (5 events):
Event: 0.747 GC heap before
{Heap before GC invocations=0 (full 0):
 garbage-first heap   total 129024K, used 14336K [0x0000000083600000, 0x0000000100000000)
  region size 1024K, 13 young (13312K), 0 survivors (0K)
 Metaspace       used 6345K, committed 6528K, reserved 1114112K
  class space    used 619K, committed 704K, reserved 1048576K
}
Event: 0.750 GC heap after
{Heap after GC invocations=1 (full 0):
 garbage-first heap   total 129024K, used 4428K [0x0000000083600000, 0x0000000100000000)
  region size 1024K, 2 young (2048K), 2 survivors (2048K)
 Metaspace       used 6345K, committed 6528K, reserved 1114112K
  class space    used 619K, committed 704K, reserved 1048576K
}
Event: 1.477 GC heap before
{Heap before GC invocations=1 (full 0):
 garbage-first heap   total 129024K, used 18764K [0x0000000083600000, 0x0000000100000000)
  region size 1024K, 16 young (16384K), 2 survivors (2048K)
 Metaspace       used 11335K, committed 11648K, reserved 1114112K
  class space    used 1201K, committed 1344K, reserved 1048576K
}
Event: 1.482 GC heap after
{Heap after GC invocations=2 (full 0):
 garbage-first heap   total 129024K, used 5816K [0x0000000083600000, 0x0000000100000000)
  region size 1024K, 2 young (2048K), 2 survivors (2048K)
 Metaspace       used 11335K, committed 11648K, reserved 1114112K
  class space    used 1201K, committed 1344K, reserved 1048576K
}
Event: 2.177 GC heap before
{Heap before GC invocations=2 (full 0):
 garbage-first heap   total 129024K, used 37560K [0x0000000083600000, 0x0000000100000000)
  region size 1024K, 33 young (33792K), 2 survivors (2048K)
 Metaspace       used 15988K, committed 16256K, reserved 1114112K
  class space    used 1652K, committed 1792K, reserved 1048576K
}

Dll operation events (10 events):
Event: 0.015 Loaded shared library C:\Users\topan\.jdks\ms-17.0.17\bin\java.dll
Event: 0.018 Loaded shared library C:\Users\topan\.jdks\ms-17.0.17\bin\zip.dll
Event: 0.037 Loaded shared library C:\Users\topan\.jdks\ms-17.0.17\bin\jsvml.dll
Event: 0.176 Loaded shared library C:\Users\topan\.jdks\ms-17.0.17\bin\instrument.dll
Event: 0.316 Loaded shared library C:\Users\topan\.jdks\ms-17.0.17\bin\net.dll
Event: 0.317 Loaded shared library C:\Users\topan\.jdks\ms-17.0.17\bin\nio.dll
Event: 0.332 Loaded shared library C:\Users\topan\.jdks\ms-17.0.17\bin\zip.dll
Event: 0.361 Loaded shared library C:\Users\topan\.jdks\ms-17.0.17\bin\extnet.dll
Event: 0.489 Loaded shared library C:\Users\topan\.jdks\ms-17.0.17\bin\jimage.dll
Event: 1.774 Loaded shared library C:\Users\topan\.jdks\ms-17.0.17\bin\verify.dll

Deoptimization events (20 events):
Event: 1.958 Thread 0x0000025246d441c0 Uncommon trap: trap_request=0xffffff45 fr.pc=0x000002525639b564 relative=0x0000000000000424
Event: 1.958 Thread 0x0000025246d441c0 Uncommon trap: reason=unstable_if action=reinterpret pc=0x000002525639b564 method=java.lang.AbstractStringBuilder.isLatin1()Z @ 10 c2
Event: 1.958 Thread 0x0000025246d441c0 DEOPT PACKING pc=0x000002525639b564 sp=0x000000b5923fd640
Event: 1.958 Thread 0x0000025246d441c0 DEOPT UNPACKING pc=0x0000025255e3a1a3 sp=0x000000b5923fd5c0 mode 2
Event: 1.966 Thread 0x0000025246d441c0 Uncommon trap: trap_request=0xffffff45 fr.pc=0x00000252563f77e8 relative=0x0000000000000048
Event: 1.966 Thread 0x0000025246d441c0 Uncommon trap: reason=unstable_if action=reinterpret pc=0x00000252563f77e8 method=java.lang.CharacterData.of(I)Ljava/lang/CharacterData; @ 4 c2
Event: 1.966 Thread 0x0000025246d441c0 DEOPT PACKING pc=0x00000252563f77e8 sp=0x000000b5923fcdb0
Event: 1.966 Thread 0x0000025246d441c0 DEOPT UNPACKING pc=0x0000025255e3a1a3 sp=0x000000b5923fcd50 mode 2
Event: 1.971 Thread 0x0000025246d441c0 DEOPT PACKING pc=0x000002524ebb4b91 sp=0x000000b5923fd4a0
Event: 1.971 Thread 0x0000025246d441c0 DEOPT UNPACKING pc=0x0000025255e3ace3 sp=0x000000b5923fc998 mode 0
Event: 1.972 Thread 0x0000025246d441c0 DEOPT PACKING pc=0x000002524ebb4b91 sp=0x000000b5923fd440
Event: 1.972 Thread 0x0000025246d441c0 DEOPT UNPACKING pc=0x0000025255e3ace3 sp=0x000000b5923fc938 mode 0
Event: 1.974 Thread 0x0000025246d441c0 Uncommon trap: trap_request=0xffffff45 fr.pc=0x0000025256401eb4 relative=0x0000000000000094
Event: 1.974 Thread 0x0000025246d441c0 Uncommon trap: reason=unstable_if action=reinterpret pc=0x0000025256401eb4 method=java.lang.CharacterDataLatin1.digit(II)I @ 7 c2
Event: 1.974 Thread 0x0000025246d441c0 DEOPT PACKING pc=0x0000025256401eb4 sp=0x000000b5923fd410
Event: 1.974 Thread 0x0000025246d441c0 DEOPT UNPACKING pc=0x0000025255e3a1a3 sp=0x000000b5923fd3a8 mode 2
Event: 1.993 Thread 0x0000025246d441c0 Uncommon trap: trap_request=0xffffff45 fr.pc=0x000002525638bfac relative=0x000000000000018c
Event: 1.993 Thread 0x0000025246d441c0 Uncommon trap: reason=unstable_if action=reinterpret pc=0x000002525638bfac method=java.lang.String.equals(Ljava/lang/Object;)Z @ 33 c2
Event: 1.993 Thread 0x0000025246d441c0 DEOPT PACKING pc=0x000002525638bfac sp=0x000000b5923fd280
Event: 1.993 Thread 0x0000025246d441c0 DEOPT UNPACKING pc=0x0000025255e3a1a3 sp=0x000000b5923fd220 mode 2

Classes loaded (20 events):
Event: 1.991 Loading class java/io/Externalizable done
Event: 1.991 Loading class java/time/zone/Ser done
Event: 1.992 Loading class java/time/Month
Event: 1.992 Loading class java/time/Month done
Event: 1.992 Loading class java/time/DayOfWeek
Event: 1.992 Loading class java/time/DayOfWeek done
Event: 1.992 Loading class java/time/zone/ZoneOffsetTransitionRule$TimeDefinition
Event: 1.992 Loading class java/time/zone/ZoneOffsetTransitionRule$TimeDefinition done
Event: 1.994 Loading class java/time/chrono/AbstractChronology
Event: 1.995 Loading class java/time/chrono/AbstractChronology done
Event: 1.995 Loading class java/time/chrono/IsoChronology
Event: 1.995 Loading class java/time/chrono/IsoChronology done
Event: 2.001 Loading class sun/util/locale/provider/BaseLocaleDataMetaInfo
Event: 2.002 Loading class sun/util/locale/provider/BaseLocaleDataMetaInfo done
Event: 2.004 Loading class sun/util/resources/TimeZoneNames
Event: 2.005 Loading class sun/util/resources/TimeZoneNames done
Event: 2.005 Loading class sun/util/resources/TimeZoneNames_en
Event: 2.005 Loading class sun/util/resources/TimeZoneNames_en done
Event: 2.014 Loading class sun/util/resources/ParallelListResourceBundle
Event: 2.014 Loading class sun/util/resources/ParallelListResourceBundle done

Classes unloaded (0 events):
No events

Classes redefined (1 events):
Event: 0.257 Thread 0x0000025264792040 redefined class name=java.lang.Throwable, count=1

Internal exceptions (20 events):
Event: 1.103 Thread 0x0000025246d441c0 Exception <a 'java/lang/NoSuchMethodError'{0x000000008ae6b068}: 'java.lang.Object java.lang.invoke.DirectMethodHandle$Holder.newInvokeSpecial(java.lang.Object, java.lang.Object, java.lang.Object, java.lang.Object, java.lang.Object, java.lang.Object, java.lang.Object)'> (0x000000008ae6b068) 
thrown [s\src\hotspot\share\interpreter\linkResolver.cpp, line 759]
Event: 1.103 Thread 0x0000025246d441c0 Exception <a 'java/lang/NoSuchMethodError'{0x000000008ae6fcf0}: 'java.lang.Object java.lang.invoke.Invokers$Holder.linkToTargetMethod(java.lang.Object, java.lang.Object, java.lang.Object, java.lang.Object, java.lang.Object, java.lang.Object, java.lang.Object)'> (0x000000008ae6fcf0) 
thrown [s\src\hotspot\share\interpreter\linkResolver.cpp, line 759]
Event: 1.111 Thread 0x0000025246d441c0 Exception <a 'java/lang/NoSuchMethodError'{0x000000008aeb2f58}: 'java.lang.Object java.lang.invoke.DirectMethodHandle$Holder.invokeStatic(java.lang.Object, int, java.lang.Object, java.lang.Object)'> (0x000000008aeb2f58) 
thrown [s\src\hotspot\share\interpreter\linkResolver.cpp, line 759]
Event: 1.112 Thread 0x0000025246d441c0 Exception <a 'java/lang/NoSuchMethodError'{0x000000008aeba0b8}: 'java.lang.Object java.lang.invoke.DirectMethodHandle$Holder.newInvokeSpecial(java.lang.Object, int, java.lang.Object)'> (0x000000008aeba0b8) 
thrown [s\src\hotspot\share\interpreter\linkResolver.cpp, line 759]
Event: 1.122 Thread 0x0000025246d441c0 Exception <a 'java/lang/NoSuchMethodError'{0x000000008aef54d8}: 'java.lang.Object java.lang.invoke.DirectMethodHandle$Holder.newInvokeSpecial(java.lang.Object, java.lang.Object, java.lang.Object, java.lang.Object, java.lang.Object)'> (0x000000008aef54d8) 
thrown [s\src\hotspot\share\interpreter\linkResolver.cpp, line 759]
Event: 1.142 Thread 0x0000025246d441c0 Exception <a 'java/lang/IncompatibleClassChangeError'{0x000000008ad835c8}: Found class java.lang.Object, but interface was expected> (0x000000008ad835c8) 
thrown [s\src\hotspot\share\interpreter\linkResolver.cpp, line 826]
Event: 1.156 Thread 0x0000025246d441c0 Exception <a 'java/lang/NoSuchMethodError'{0x000000008ac1c6f0}: 'java.lang.Object java.lang.invoke.Invokers$Holder.linkToTargetMethod(java.lang.Object, long, java.lang.Object)'> (0x000000008ac1c6f0) 
thrown [s\src\hotspot\share\interpreter\linkResolver.cpp, line 759]
Event: 1.158 Thread 0x0000025246d441c0 Exception <a 'java/lang/NoSuchMethodError'{0x000000008ac26b88}: 'java.lang.Object java.lang.invoke.DirectMethodHandle$Holder.newInvokeSpecial(java.lang.Object, java.lang.Object, int, java.lang.Object, java.lang.Object)'> (0x000000008ac26b88) 
thrown [s\src\hotspot\share\interpreter\linkResolver.cpp, line 759]
Event: 1.164 Thread 0x0000025246d441c0 Exception <a 'java/lang/NoSuchMethodError'{0x000000008ac63230}: 'java.lang.Object java.lang.invoke.DirectMethodHandle$Holder.invokeStatic(java.lang.Object, java.lang.Object, java.lang.Object, int, java.lang.Object, java.lang.Object)'> (0x000000008ac63230) 
thrown [s\src\hotspot\share\interpreter\linkResolver.cpp, line 759]
Event: 1.165 Thread 0x0000025246d441c0 Exception <a 'java/lang/NoSuchMethodError'{0x000000008ac6b790}: 'java.lang.Object java.lang.invoke.DirectMethodHandle$Holder.newInvokeSpecial(java.lang.Object, java.lang.Object, java.lang.Object, int, java.lang.Object)'> (0x000000008ac6b790) 
thrown [s\src\hotspot\share\interpreter\linkResolver.cpp, line 759]
Event: 1.165 Thread 0x0000025246d441c0 Exception <a 'java/lang/NoSuchMethodError'{0x000000008ac73180}: 'java.lang.Object java.lang.invoke.Invokers$Holder.linkToTargetMethod(java.lang.Object, java.lang.Object, int, java.lang.Object, java.lang.Object)'> (0x000000008ac73180) 
thrown [s\src\hotspot\share\interpreter\linkResolver.cpp, line 759]
Event: 1.239 Thread 0x0000025246d441c0 Exception <a 'java/lang/NoSuchMethodError'{0x000000008aa61ba8}: 'int java.lang.invoke.DirectMethodHandle$Holder.invokeInterface(java.lang.Object, java.lang.Object)'> (0x000000008aa61ba8) 
thrown [s\src\hotspot\share\interpreter\linkResolver.cpp, line 759]
Event: 1.240 Thread 0x0000025246d441c0 Exception <a 'java/lang/IncompatibleClassChangeError'{0x000000008aa64eb0}: Found class java.lang.Object, but interface was expected> (0x000000008aa64eb0) 
thrown [s\src\hotspot\share\interpreter\linkResolver.cpp, line 826]
Event: 1.242 Thread 0x0000025246d441c0 Exception <a 'java/lang/NoSuchMethodError'{0x000000008aa69250}: 'void java.lang.invoke.DirectMethodHandle$Holder.invokeInterface(java.lang.Object, java.lang.Object)'> (0x000000008aa69250) 
thrown [s\src\hotspot\share\interpreter\linkResolver.cpp, line 759]
Event: 1.267 Thread 0x0000025246d441c0 Exception <a 'java/lang/IncompatibleClassChangeError'{0x000000008a962958}: Found class java.lang.Object, but interface was expected> (0x000000008a962958) 
thrown [s\src\hotspot\share\interpreter\linkResolver.cpp, line 826]
Event: 1.362 Thread 0x0000025246d441c0 Exception <a 'java/lang/NoSuchMethodError'{0x000000008a790ea0}: 'int java.lang.invoke.DirectMethodHandle$Holder.invokeStatic(java.lang.Object, java.lang.Object, int)'> (0x000000008a790ea0) 
thrown [s\src\hotspot\share\interpreter\linkResolver.cpp, line 759]
Event: 1.638 Thread 0x0000025246d441c0 Exception <a 'sun/nio/fs/WindowsException'{0x000000008ac0a108}> (0x000000008ac0a108) 
thrown [s\src\hotspot\share\prims\jni.cpp, line 516]
Event: 1.655 Thread 0x0000025246d441c0 Exception <a 'java/lang/NoSuchMethodError'{0x000000008ac5e468}: 'int java.lang.invoke.DirectMethodHandle$Holder.invokeStaticInit(java.lang.Object, java.lang.Object, java.lang.Object, java.lang.Object)'> (0x000000008ac5e468) 
thrown [s\src\hotspot\share\interpreter\linkResolver.cpp, line 759]
Event: 1.656 Thread 0x0000025246d441c0 Exception <a 'java/lang/NoSuchMethodError'{0x000000008ac69f28}: 'void java.lang.invoke.DirectMethodHandle$Holder.invokeStaticInit(java.lang.Object, java.lang.Object)'> (0x000000008ac69f28) 
thrown [s\src\hotspot\share\interpreter\linkResolver.cpp, line 759]
Event: 1.899 Thread 0x0000025246d441c0 Exception <a 'java/lang/NoSuchMethodError'{0x000000008a52d9a0}: 'java.lang.Object java.lang.invoke.DirectMethodHandle$Holder.invokeVirtual(java.lang.Object, java.lang.Object, java.lang.Object)'> (0x000000008a52d9a0) 
thrown [s\src\hotspot\share\interpreter\linkResolver.cpp, line 759]

VM Operations (20 events):
Event: 0.915 Executing VM operation: HandshakeAllThreads done
Event: 0.915 Executing VM operation: HandshakeAllThreads
Event: 0.915 Executing VM operation: HandshakeAllThreads done
Event: 1.189 Executing VM operation: HandshakeAllThreads
Event: 1.189 Executing VM operation: HandshakeAllThreads done
Event: 1.311 Executing VM operation: HandshakeAllThreads
Event: 1.311 Executing VM operation: HandshakeAllThreads done
Event: 1.387 Executing VM operation: HandshakeAllThreads
Event: 1.387 Executing VM operation: HandshakeAllThreads done
Event: 1.469 Executing VM operation: HandshakeAllThreads
Event: 1.469 Executing VM operation: HandshakeAllThreads done
Event: 1.477 Executing VM operation: G1CollectForAllocation
Event: 1.482 Executing VM operation: G1CollectForAllocation done
Event: 1.510 Executing VM operation: HandshakeAllThreads
Event: 1.511 Executing VM operation: HandshakeAllThreads done
Event: 1.919 Executing VM operation: HandshakeAllThreads
Event: 1.919 Executing VM operation: HandshakeAllThreads done
Event: 1.966 Executing VM operation: HandshakeAllThreads
Event: 1.966 Executing VM operation: HandshakeAllThreads done
Event: 2.177 Executing VM operation: G1CollectForAllocation

Memory protections (0 events):
No events

Nmethod flushes (0 events):
No events

Events (17 events):
Event: 0.037 Thread 0x0000025246d441c0 Thread added: 0x0000025246d441c0
Event: 0.040 Thread 0x0000025246d441c0 Thread added: 0x000002526479a460
Event: 0.040 Thread 0x0000025246d441c0 Thread added: 0x000002526479c240
Event: 0.049 Thread 0x0000025246d441c0 Thread added: 0x00000252647b58d0
Event: 0.049 Thread 0x0000025246d441c0 Thread added: 0x00000252647b81b0
Event: 0.050 Thread 0x0000025246d441c0 Thread added: 0x00000252647b8a80
Event: 0.050 Thread 0x0000025246d441c0 Thread added: 0x00000252647b9350
Event: 0.050 Thread 0x0000025246d441c0 Thread added: 0x00000252647bc010
Event: 0.052 Thread 0x0000025246d441c0 Thread added: 0x000002526480c9e0
Event: 0.054 Thread 0x0000025246d441c0 Thread added: 0x0000025264839300
Event: 0.116 Thread 0x0000025246d441c0 Thread added: 0x0000025264782dd0
Event: 0.259 Thread 0x0000025246d441c0 Thread added: 0x00000252649b0a10
Event: 0.338 Thread 0x0000025246d441c0 Thread added: 0x0000025264b904c0
Event: 0.338 Thread 0x0000025246d441c0 Thread added: 0x0000025264b91520
Event: 0.662 Thread 0x000002526480c9e0 Thread added: 0x00000252695174e0
Event: 0.909 Thread 0x00000252695174e0 Thread exited: 0x00000252695174e0
Event: 0.991 Thread 0x000002526480c9e0 Thread added: 0x0000025269af0970


Dynamic libraries:
0x00007ff75f9d0000 - 0x00007ff75f9de000 	C:\Users\topan\.jdks\ms-17.0.17\bin\java.exe
0x00007ff9fe140000 - 0x00007ff9fe3a8000 	C:\WINDOWS\SYSTEM32\ntdll.dll
0x00007ff9fd520000 - 0x00007ff9fd5e9000 	C:\WINDOWS\System32\KERNEL32.DLL
0x00007ff9fb7a0000 - 0x00007ff9fbb92000 	C:\WINDOWS\System32\KERNELBASE.dll
0x00007ff9fb4e0000 - 0x00007ff9fb62b000 	C:\WINDOWS\System32\ucrtbase.dll
0x00007ff9f7e90000 - 0x00007ff9f7ea8000 	C:\Users\topan\.jdks\ms-17.0.17\bin\jli.dll
0x00007ff9f2280000 - 0x00007ff9f229e000 	C:\Users\topan\.jdks\ms-17.0.17\bin\VCRUNTIME140.dll
0x00007ff9fde70000 - 0x00007ff9fe035000 	C:\WINDOWS\System32\USER32.dll
0x00007ff9fb4b0000 - 0x00007ff9fb4d7000 	C:\WINDOWS\System32\win32u.dll
0x00007ff9fdc30000 - 0x00007ff9fdc5b000 	C:\WINDOWS\System32\GDI32.dll
0x00007ff9e5cc0000 - 0x00007ff9e5f53000 	C:\WINDOWS\WinSxS\amd64_microsoft.windows.common-controls_6595b64144ccf1df_6.0.26100.6899_none_3e0efeeae32e88c1\COMCTL32.dll
0x00007ff9fb380000 - 0x00007ff9fb4ad000 	C:\WINDOWS\System32\gdi32full.dll
0x00007ff9fd230000 - 0x00007ff9fd2d9000 	C:\WINDOWS\System32\msvcrt.dll
0x00007ff9fb2d0000 - 0x00007ff9fb373000 	C:\WINDOWS\System32\msvcp_win.dll
0x00007ff9fbf10000 - 0x00007ff9fbf3f000 	C:\WINDOWS\System32\IMM32.DLL
0x00007ff9f7f30000 - 0x00007ff9f7f3c000 	C:\Users\topan\.jdks\ms-17.0.17\bin\vcruntime140_1.dll
0x00007ff9d01b0000 - 0x00007ff9d0239000 	C:\Users\topan\.jdks\ms-17.0.17\bin\msvcp140.dll
0x00007ff989570000 - 0x00007ff98a1ea000 	C:\Users\topan\.jdks\ms-17.0.17\bin\server\jvm.dll
0x00007ff9fdda0000 - 0x00007ff9fde54000 	C:\WINDOWS\System32\ADVAPI32.dll
0x00007ff9fc970000 - 0x00007ff9fca16000 	C:\WINDOWS\System32\sechost.dll
0x00007ff9fd600000 - 0x00007ff9fd718000 	C:\WINDOWS\System32\RPCRT4.dll
0x00007ff9fd720000 - 0x00007ff9fd794000 	C:\WINDOWS\System32\WS2_32.dll
0x00007ff9fb130000 - 0x00007ff9fb18e000 	C:\WINDOWS\SYSTEM32\POWRPROF.dll
0x00007ff9f2500000 - 0x00007ff9f2535000 	C:\WINDOWS\SYSTEM32\WINMM.dll
0x00007ff9f2370000 - 0x00007ff9f237b000 	C:\WINDOWS\SYSTEM32\VERSION.dll
0x00007ff9fb110000 - 0x00007ff9fb124000 	C:\WINDOWS\SYSTEM32\UMPDC.dll
0x00007ff9fa0a0000 - 0x00007ff9fa0bb000 	C:\WINDOWS\SYSTEM32\kernel.appcore.dll
0x00007ff9f22f0000 - 0x00007ff9f22fa000 	C:\Users\topan\.jdks\ms-17.0.17\bin\jimage.dll
0x00007ff9f87e0000 - 0x00007ff9f8a22000 	C:\WINDOWS\SYSTEM32\DBGHELP.DLL
0x00007ff9fcd50000 - 0x00007ff9fd0cb000 	C:\WINDOWS\System32\combase.dll
0x00007ff9fd150000 - 0x00007ff9fd227000 	C:\WINDOWS\System32\OLEAUT32.dll
0x00007ff9dd8a0000 - 0x00007ff9dd8dc000 	C:\WINDOWS\SYSTEM32\dbgcore.DLL
0x00007ff9fbd20000 - 0x00007ff9fbdb8000 	C:\WINDOWS\System32\bcryptPrimitives.dll
0x00007ff9f2230000 - 0x00007ff9f223f000 	C:\Users\topan\.jdks\ms-17.0.17\bin\instrument.dll
0x00007ff9f2050000 - 0x00007ff9f2076000 	C:\Users\topan\.jdks\ms-17.0.17\bin\java.dll
0x00007ff9f20a0000 - 0x00007ff9f20b8000 	C:\Users\topan\.jdks\ms-17.0.17\bin\zip.dll
0x00007ff9c05b0000 - 0x00007ff9c0686000 	C:\Users\topan\.jdks\ms-17.0.17\bin\jsvml.dll
0x00007ff9fbf50000 - 0x00007ff9fc69d000 	C:\WINDOWS\System32\SHELL32.dll
0x00007ff9fb630000 - 0x00007ff9fb79b000 	C:\WINDOWS\System32\wintypes.dll
0x00007ff9f8f40000 - 0x00007ff9f979d000 	C:\WINDOWS\SYSTEM32\windows.storage.dll
0x00007ff9fc870000 - 0x00007ff9fc962000 	C:\WINDOWS\System32\SHCORE.dll
0x00007ff9fc800000 - 0x00007ff9fc862000 	C:\WINDOWS\System32\shlwapi.dll
0x00007ff9fb1f0000 - 0x00007ff9fb219000 	C:\WINDOWS\SYSTEM32\profapi.dll
0x00007ff9f1710000 - 0x00007ff9f172b000 	C:\Users\topan\.jdks\ms-17.0.17\bin\net.dll
0x00007ff9f53f0000 - 0x00007ff9f550f000 	C:\WINDOWS\SYSTEM32\WINHTTP.dll
0x00007ff9fa610000 - 0x00007ff9fa67b000 	C:\WINDOWS\system32\mswsock.dll
0x00007ff9f1610000 - 0x00007ff9f1626000 	C:\Users\topan\.jdks\ms-17.0.17\bin\nio.dll
0x00007ff9f2040000 - 0x00007ff9f2049000 	C:\Users\topan\.jdks\ms-17.0.17\bin\extnet.dll
0x00007ff9fa8c0000 - 0x00007ff9fa8db000 	C:\WINDOWS\SYSTEM32\CRYPTSP.dll
0x00007ff9fa000000 - 0x00007ff9fa03b000 	C:\WINDOWS\system32\rsaenh.dll
0x00007ff9fa6b0000 - 0x00007ff9fa6db000 	C:\WINDOWS\SYSTEM32\USERENV.dll
0x00007ff9fb1c0000 - 0x00007ff9fb1e6000 	C:\WINDOWS\SYSTEM32\bcrypt.dll
0x00007ff9fa8e0000 - 0x00007ff9fa8ec000 	C:\WINDOWS\SYSTEM32\CRYPTBASE.dll
0x00007ff9f9b70000 - 0x00007ff9f9ba4000 	C:\WINDOWS\SYSTEM32\IPHLPAPI.DLL
0x00007ff9fde60000 - 0x00007ff9fde6a000 	C:\WINDOWS\System32\NSI.dll
0x00007ff9f5b40000 - 0x00007ff9f5b5e000 	C:\WINDOWS\SYSTEM32\dhcpcsvc6.DLL
0x00007ff9f5a90000 - 0x00007ff9f5ab3000 	C:\WINDOWS\SYSTEM32\dhcpcsvc.DLL
0x00007ff9f9bb0000 - 0x00007ff9f9cd6000 	C:\WINDOWS\SYSTEM32\DNSAPI.dll
0x00007ff9f1600000 - 0x00007ff9f1610000 	C:\Users\topan\.jdks\ms-17.0.17\bin\verify.dll

dbghelp: loaded successfully - version: 4.0.5 - missing functions: none
symbol engine: initialized successfully - sym options: 0x614 - pdb path: .;C:\Users\topan\.jdks\ms-17.0.17\bin;C:\WINDOWS\SYSTEM32;C:\WINDOWS\WinSxS\amd64_microsoft.windows.common-controls_6595b64144ccf1df_6.0.26100.6899_none_3e0efeeae32e88c1;C:\Users\topan\.jdks\ms-17.0.17\bin\server

VM Arguments:
jvm_args: -javaagent:C:\Users\topan\AppData\Local\JetBrains\IdeaIC2025.2\captureAgent\debugger-agent.jar=file:///C:/Users/topan/AppData/Local/Temp/capture18003643208099206389.props -ea -Didea.test.cyclic.buffer.size=1048576 -javaagent:C:\Program Files\JetBrains\IntelliJ IDEA Community Edition 2025.2.4\lib\idea_rt.jar=59791 -Dkotlinx.coroutines.debug.enable.creation.stack.trace=false -Ddebugger.agent.enable.coroutines=true -Dkotlinx.coroutines.debug.enable.flows.stack.trace=true -Dkotlinx.coroutines.debug.enable.mutable.state.flows.stack.trace=true -Dfile.encoding=UTF-8 
java_command: com.intellij.rt.testng.RemoteTestNGStarter -usedefaultlisteners false -socket59790 @w@C:\Users\topan\AppData\Local\Temp\idea_working_dirs_testng.tmp -temp C:\Users\topan\AppData\Local\Temp\idea_testng.tmp
java_class_path (initial): C:\Program Files\JetBrains\IntelliJ IDEA Community Edition 2025.2.4\lib\idea_rt.jar;C:\Program Files\JetBrains\IntelliJ IDEA Community Edition 2025.2.4\plugins\testng\lib\testng-rt.jar;C:\Users\topan\IdeaProjects\parabank\target\test-classes;C:\Users\topan\.m2\repository\org\seleniumhq\selenium\selenium-java\4.27.0\selenium-java-4.27.0.jar;C:\Users\topan\.m2\repository\org\seleniumhq\selenium\selenium-api\4.27.0\selenium-api-4.27.0.jar;C:\Users\topan\.m2\repository\org\jspecify\jspecify\1.0.0\jspecify-1.0.0.jar;C:\Users\topan\.m2\repository\org\seleniumhq\selenium\selenium-chrome-driver\4.27.0\selenium-chrome-driver-4.27.0.jar;C:\Users\topan\.m2\repository\com\google\auto\service\auto-service-annotations\1.1.1\auto-service-annotations-1.1.1.jar;C:\Users\topan\.m2\repository\org\seleniumhq\selenium\selenium-chromium-driver\4.27.0\selenium-chromium-driver-4.27.0.jar;C:\Users\topan\.m2\repository\org\seleniumhq\selenium\selenium-json\4.27.0\selenium-json-4.27.0.jar;C:\Users\topan\.m2\repository\org\seleniumhq\selenium\selenium-manager\4.27.0\selenium-manager-4.27.0.jar;C:\Users\topan\.m2\repository\org\seleniumhq\selenium\selenium-devtools-v129\4.27.0\selenium-devtools-v129-4.27.0.jar;C:\Users\topan\.m2\repository\org\seleniumhq\selenium\selenium-devtools-v130\4.27.0\selenium-devtools-v130-4.27.0.jar;C:\Users\topan\.m2\repository\org\seleniumhq\selenium\selenium-devtools-v131\4.27.0\selenium-devtools-v131-4.27.0.jar;C:\Users\topan\.m2\repository\org\seleniumhq\selenium\selenium-devtools-v85\4.27.0\selenium-devtools-v85-4.27.0.jar;C:\Users\topan\.m2\repository\org\seleniumhq\selenium\selenium-edge-driver\4.27.0\selenium-edge-driver-4.27.0.jar;C:\Users\topan\.m2\repository\org\seleniumhq\selenium\selenium-firefox-driver\4.27.0\selenium-firefox-driver-4.27.0.jar;C:\Users\topan\.m2\repository\org\seleniumhq\selenium\selenium-http\4.27.0\selenium-http-4.27.0.jar;C:\Users\topan\.m2\repository\dev\failsafe\failsafe\3.3.2\failsafe-3.3.2.jar;C:\User
Launcher Type: SUN_STANDARD

[Global flags]
     intx CICompilerCount                          = 3                                         {product} {ergonomic}
     uint ConcGCThreads                            = 1                                         {product} {ergonomic}
     uint G1ConcRefinementThreads                  = 4                                         {product} {ergonomic}
   size_t G1HeapRegionSize                         = 1048576                                   {product} {ergonomic}
    uintx GCDrainStackTargetSize                   = 64                                        {product} {ergonomic}
   size_t InitialHeapSize                          = 132120576                                 {product} {ergonomic}
   size_t MarkStackSize                            = 4194304                                   {product} {ergonomic}
   size_t MaxHeapSize                              = 2090860544                                {product} {ergonomic}
   size_t MaxNewSize                               = 1254096896                                {product} {ergonomic}
   size_t MinHeapDeltaBytes                        = 1048576                                   {product} {ergonomic}
   size_t MinHeapSize                              = 8388608                                   {product} {ergonomic}
    uintx NonNMethodCodeHeapSize                   = 5832780                                {pd product} {ergonomic}
    uintx NonProfiledCodeHeapSize                  = 122912730                              {pd product} {ergonomic}
    uintx ProfiledCodeHeapSize                     = 122912730                              {pd product} {ergonomic}
    uintx ReservedCodeCacheSize                    = 251658240                              {pd product} {ergonomic}
     bool SegmentedCodeCache                       = true                                      {product} {ergonomic}
   size_t SoftMaxHeapSize                          = 2090860544                             {manageable} {ergonomic}
     bool UseCompressedClassPointers               = true                           {product lp64_product} {ergonomic}
     bool UseCompressedOops                        = true                           {product lp64_product} {ergonomic}
     bool UseG1GC                                  = true                                      {product} {ergonomic}
     bool UseLargePagesIndividualAllocation        = false                                  {pd product} {ergonomic}

Logging:
Log output configuration:
 #0: stdout all=warning uptime,level,tags
 #1: stderr all=off uptime,level,tags

Environment Variables:
PATH=C:\WINDOWS\system32;C:\WINDOWS;C:\WINDOWS\System32\Wbem;C:\WINDOWS\System32\WindowsPowerShell\v1.0\;C:\WINDOWS\System32\OpenSSH\;C:\Program Files\dotnet\;C:\Program Files\MySQL\MySQL Server 9.4\bin;C:\Program Files\Git\cmd;C:\Users\topan\AppData\Local\Microsoft\WindowsApps;C:\Users\topan\AppData\Local\Programs\Microsoft VS Code\bin;C:\Users\topan\AppData\Local\GitHubDesktop\bin;
USERNAME=topan
OS=Windows_NT
PROCESSOR_IDENTIFIER=Intel64 Family 6 Model 140 Stepping 2, GenuineIntel
TMP=C:\Users\topan\AppData\Local\Temp
TEMP=C:\Users\topan\AppData\Local\Temp



Periodic native trim disabled


---------------  S Y S T E M  ---------------

OS:
 Windows 11 , 64 bit Build 26100 (10.0.26100.6725)
OS uptime: 13 days 13:03 hours

CPU: total 4 (initial active 4) (2 cores per cpu, 2 threads per core) family 6 model 140 stepping 2 microcode 0x26, cx8, cmov, fxsr, ht, mmx, 3dnowpref, sse, sse2, sse3, ssse3, sse4.1, sse4.2, popcnt, lzcnt, tsc, tscinvbit, avx, avx2, aes, erms, clmul, bmi1, bmi2, adx, avx512f, avx512dq, avx512cd, avx512bw, avx512vl, sha, fma, vzeroupper, avx512_vpopcntdq, avx512_vpclmulqdq, avx512_vaes, avx512_vnni, clflush, clflushopt, clwb, avx512_vbmi2, avx512_vbmi
Processor Information for the first 4 processors :
  Max Mhz: 2995, Current Mhz: 2995, Mhz Limit: 2995

Memory: 4k page, system-wide physical 7975M (604M free)
TotalPageFile size 20329M (AvailPageFile size 0M)
current process WorkingSet (physical memory assigned to process): 140M, peak: 140M
current process commit charge ("private bytes"): 252M, peak: 253M

vm_info: OpenJDK 64-Bit Server VM (17.0.17+10-LTS) for windows-amd64 JRE (17.0.17+10-LTS), built on Oct 13 2025 22:19:56 by "MicrosoftCorporation" with unknown MS VC++:1944

END.
