#
# There is insufficient memory for the Java Runtime Environment to continue.
# Native memory allocation (malloc) failed to allocate 1790816 bytes. Error detail: Chunk::new
# Possible reasons:
#   The system is out of physical RAM or swap space
#   This process is running with CompressedOops enabled, and the Java Heap may be blocking the growth of the native heap
# Possible solutions:
#   Reduce memory load on the system
#   Increase physical memory or swap space
#   Check if swap backing store is full
#   Decrease Java heap size (-Xmx/-Xms)
#   Decrease number of Java threads
#   Decrease Java thread stack sizes (-Xss)
#   Set larger code cache with -XX:ReservedCodeCacheSize=
#   JVM is running with Unscaled Compressed Oops mode in which the Java heap is
#     placed in the first 4GB address space. The Java Heap base address is the
#     maximum limit for the native heap growth. Please use -XX:HeapBaseMinAddress
#     to set the Java Heap base and to place the Java Heap above 4GB virtual address.
# This output file may be truncated or incomplete.
#
#  Out of Memory Error (arena.cpp:191), pid=704, tid=17432
#
# JRE version: OpenJDK Runtime Environment Microsoft-12574423 (17.0.17+10) (build 17.0.17+10-LTS)
# Java VM: OpenJDK 64-Bit Server VM Microsoft-12574423 (17.0.17+10-LTS, mixed mode, sharing, tiered, compressed oops, compressed class ptrs, g1 gc, windows-amd64)
# No core dump will be written. Minidumps are not enabled by default on client versions of Windows
#

---------------  S U M M A R Y ------------

Command Line: -javaagent:C:\Users\topan\AppData\Local\JetBrains\IdeaIC2025.2\captureAgent\debugger-agent.jar=file:///C:/Users/topan/AppData/Local/Temp/capture16002953125667043050.props -ea -Didea.test.cyclic.buffer.size=1048576 -javaagent:C:\Program Files\JetBrains\IntelliJ IDEA Community Edition 2025.2.4\lib\idea_rt.jar=53311 -Dkotlinx.coroutines.debug.enable.creation.stack.trace=false -Ddebugger.agent.enable.coroutines=true -Dkotlinx.coroutines.debug.enable.flows.stack.trace=true -Dkotlinx.coroutines.debug.enable.mutable.state.flows.stack.trace=true -Dfile.encoding=UTF-8 com.intellij.rt.testng.RemoteTestNGStarter -usedefaultlisteners false -socket53310 @w@C:\Users\topan\AppData\Local\Temp\idea_working_dirs_testng.tmp -temp C:\Users\topan\AppData\Local\Temp\idea_testng.tmp

Host: 11th Gen Intel(R) Core(TM) i3-1115G4 @ 3.00GHz, 4 cores, 7G,  Windows 11 , 64 bit Build 26100 (10.0.26100.6725)
Time: Tue Dec 23 04:58:15 2025 GTB Standard Time elapsed time: 1.083653 seconds (0d 0h 0m 1s)

---------------  T H R E A D  ---------------

Current thread (0x0000023f9727af30):  JavaThread "C2 CompilerThread1" daemon [_thread_in_native, id=17432, stack(0x0000007f9bd00000,0x0000007f9be00000)]


Current CompileTask:
C2:1084 1292       4       jdk.internal.org.objectweb.asm.Frame::execute (2305 bytes)

Stack: [0x0000007f9bd00000,0x0000007f9be00000]
Native frames: (J=compiled Java code, j=interpreted, Vv=VM code, C=native code)
V  [jvm.dll+0x68c459]  (no source info available)
V  [jvm.dll+0x845e09]  (no source info available)
V  [jvm.dll+0x847b78]  (no source info available)
V  [jvm.dll+0x848203]  (no source info available)
V  [jvm.dll+0x24cf6f]  (no source info available)
V  [jvm.dll+0xaecb6]  (no source info available)
V  [jvm.dll+0xaf35c]  (no source info available)
V  [jvm.dll+0x37157e]  (no source info available)
V  [jvm.dll+0x33b8d5]  (no source info available)
V  [jvm.dll+0x33ad3a]  (no source info available)
V  [jvm.dll+0x21df29]  (no source info available)
V  [jvm.dll+0x21d36d]  (no source info available)
V  [jvm.dll+0x1a8ce6]  (no source info available)
V  [jvm.dll+0x22db1b]  (no source info available)
V  [jvm.dll+0x22bca6]  (no source info available)
V  [jvm.dll+0x7fb65b]  (no source info available)
V  [jvm.dll+0x7f5a5c]  (no source info available)
V  [jvm.dll+0x68d9f7]  (no source info available)
C  [ucrtbase.dll+0x37b0]  (no source info available)
C  [KERNEL32.DLL+0x2e8d7]  (no source info available)
C  [ntdll.dll+0x8c53c]  (no source info available)


---------------  P R O C E S S  ---------------

Threads class SMR info:
_java_thread_list=0x0000023f970d3e40, length=15, elements={
0x0000023f33ff8e50, 0x0000023f51a4fa80, 0x0000023f51a50cf0, 0x0000023f51a67800,
0x0000023f51a6a0e0, 0x0000023f51a6a9b0, 0x0000023f51a6b690, 0x0000023f51a6eaf0,
0x0000023f51a8cc60, 0x0000023f51a9d160, 0x0000023f51a39f60, 0x0000023f51df6010,
0x0000023f970d7680, 0x0000023f970d7b90, 0x0000023f9727af30
}

Java Threads: ( => current thread )
  0x0000023f33ff8e50 JavaThread "main" [_thread_in_vm, id=21416, stack(0x0000007f9a800000,0x0000007f9a900000)] _threads_hazard_ptr=0x0000023f970d3e40
  0x0000023f51a4fa80 JavaThread "Reference Handler" daemon [_thread_blocked, id=396, stack(0x0000007f9af00000,0x0000007f9b000000)]
  0x0000023f51a50cf0 JavaThread "Finalizer" daemon [_thread_blocked, id=18704, stack(0x0000007f9b000000,0x0000007f9b100000)]
  0x0000023f51a67800 JavaThread "Signal Dispatcher" daemon [_thread_blocked, id=21260, stack(0x0000007f9b100000,0x0000007f9b200000)]
  0x0000023f51a6a0e0 JavaThread "Attach Listener" daemon [_thread_blocked, id=19692, stack(0x0000007f9b200000,0x0000007f9b300000)]
  0x0000023f51a6a9b0 JavaThread "Service Thread" daemon [_thread_blocked, id=18660, stack(0x0000007f9b300000,0x0000007f9b400000)]
  0x0000023f51a6b690 JavaThread "Monitor Deflation Thread" daemon [_thread_blocked, id=11912, stack(0x0000007f9b400000,0x0000007f9b500000)]
  0x0000023f51a6eaf0 JavaThread "C2 CompilerThread0" daemon [_thread_in_native, id=3152, stack(0x0000007f9b500000,0x0000007f9b600000)]
  0x0000023f51a8cc60 JavaThread "C1 CompilerThread0" daemon [_thread_blocked, id=22496, stack(0x0000007f9b600000,0x0000007f9b700000)]
  0x0000023f51a9d160 JavaThread "Sweeper thread" daemon [_thread_blocked, id=21292, stack(0x0000007f9b700000,0x0000007f9b800000)]
  0x0000023f51a39f60 JavaThread "Common-Cleaner" daemon [_thread_blocked, id=19012, stack(0x0000007f9b800000,0x0000007f9b900000)]
  0x0000023f51df6010 JavaThread "IntelliJ Suspend Helper" daemon [_thread_blocked, id=3584, stack(0x0000007f9b900000,0x0000007f9ba00000)]
  0x0000023f970d7680 JavaThread "Monitor Ctrl-Break" daemon [_thread_in_native, id=21940, stack(0x0000007f9ba00000,0x0000007f9bb00000)]
  0x0000023f970d7b90 JavaThread "Notification Thread" daemon [_thread_blocked, id=20516, stack(0x0000007f9bb00000,0x0000007f9bc00000)]
=>0x0000023f9727af30 JavaThread "C2 CompilerThread1" daemon [_thread_in_native, id=17432, stack(0x0000007f9bd00000,0x0000007f9be00000)]

Other Threads:
  0x0000023f51a4c1f0 VMThread "VM Thread" [stack: 0x0000007f9ae00000,0x0000007f9af00000] [id=19224]
  0x0000023f970aa830 WatcherThread [stack: 0x0000007f9bc00000,0x0000007f9bd00000] [id=14000]
  0x0000023f34011a50 GCTaskThread "GC Thread#0" [stack: 0x0000007f9a900000,0x0000007f9aa00000] [id=20832]
  0x0000023f9794e4c0 GCTaskThread "GC Thread#1" [stack: 0x0000007f9be00000,0x0000007f9bf00000] [id=22308]
  0x0000023f979943a0 GCTaskThread "GC Thread#2" [stack: 0x0000007f9bf00000,0x0000007f9c000000] [id=19616]
  0x0000023f979a95e0 GCTaskThread "GC Thread#3" [stack: 0x0000007f9c000000,0x0000007f9c100000] [id=21856]
  0x0000023f340606d0 ConcurrentGCThread "G1 Main Marker" [stack: 0x0000007f9aa00000,0x0000007f9ab00000] [id=21936]
  0x0000023f34061000 ConcurrentGCThread "G1 Conc#0" [stack: 0x0000007f9ab00000,0x0000007f9ac00000] [id=21172]
  0x0000023f3409e7b0 ConcurrentGCThread "G1 Refine#0" [stack: 0x0000007f9ac00000,0x0000007f9ad00000] [id=21400]
  0x0000023f51906100 ConcurrentGCThread "G1 Service" [stack: 0x0000007f9ad00000,0x0000007f9ae00000] [id=2200]

Threads with active compile tasks:
C2 CompilerThread0  1127 1386  s!   4       jdk.internal.loader.URLClassPath::getLoader (194 bytes)
C2 CompilerThread1  1127 1292       4       jdk.internal.org.objectweb.asm.Frame::execute (2305 bytes)

VM state: not at safepoint (normal execution)

VM Mutex/Monitor currently owned by a thread: None

Heap address: 0x0000000083600000, size: 1994 MB, Compressed Oops mode: 32-bit

CDS archive(s) mapped at: [0x0000023f52000000-0x0000023f52bb0000-0x0000023f52bb0000), size 12255232, SharedBaseAddress: 0x0000023f52000000, ArchiveRelocationMode: 1.
Compressed class space mapped at: 0x0000023f53000000-0x0000023f93000000, reserved size: 1073741824
Narrow klass base: 0x0000023f52000000, Narrow klass shift: 0, Narrow klass range: 0x100000000

GC Precious Log:
 CPUs: 4 total, 4 available
 Memory: 7975M
 Large Page Support: Disabled
 NUMA Support: Disabled
 Compressed Oops: Enabled (32-bit)
 Heap Region Size: 1M
 Heap Min Capacity: 8M
 Heap Initial Capacity: 126M
 Heap Max Capacity: 1994M
 Pre-touch: Disabled
 Parallel Workers: 4
 Concurrent Workers: 1
 Concurrent Refinement Workers: 4
 Periodic GC: Disabled

Heap:
 garbage-first heap   total 129024K, used 7546K [0x0000000083600000, 0x0000000100000000)
  region size 1024K, 4 young (4096K), 1 survivors (1024K)
 Metaspace       used 11308K, committed 11584K, reserved 1114112K
  class space    used 1202K, committed 1344K, reserved 1048576K

Heap Regions: E=young(eden), S=young(survivor), O=old, HS=humongous(starts), HC=humongous(continues), CS=collection set, F=free, OA=open archive, CA=closed archive, TAMS=top-at-mark-start (previous, next)
|   0|0x0000000083600000, 0x0000000083700000, 0x0000000083700000|100%|HS|  |TAMS 0x0000000083600000, 0x0000000083600000| Complete 
|   1|0x0000000083700000, 0x0000000083800000, 0x0000000083800000|100%| O|  |TAMS 0x0000000083700000, 0x0000000083700000| Untracked 
|   2|0x0000000083800000, 0x0000000083900000, 0x0000000083900000|100%| O|  |TAMS 0x0000000083800000, 0x0000000083800000| Untracked 
|   3|0x0000000083900000, 0x0000000083a00000, 0x0000000083a00000|100%| O|  |TAMS 0x0000000083900000, 0x0000000083900000| Untracked 
|   4|0x0000000083a00000, 0x0000000083a5ea00, 0x0000000083b00000| 36%| O|  |TAMS 0x0000000083a00000, 0x0000000083a00000| Untracked 
|   5|0x0000000083b00000, 0x0000000083b00000, 0x0000000083c00000|  0%| F|  |TAMS 0x0000000083b00000, 0x0000000083b00000| Untracked 
|   6|0x0000000083c00000, 0x0000000083c00000, 0x0000000083d00000|  0%| F|  |TAMS 0x0000000083c00000, 0x0000000083c00000| Untracked 
|   7|0x0000000083d00000, 0x0000000083d00000, 0x0000000083e00000|  0%| F|  |TAMS 0x0000000083d00000, 0x0000000083d00000| Untracked 
|   8|0x0000000083e00000, 0x0000000083e00000, 0x0000000083f00000|  0%| F|  |TAMS 0x0000000083e00000, 0x0000000083e00000| Untracked 
|   9|0x0000000083f00000, 0x0000000083f00000, 0x0000000084000000|  0%| F|  |TAMS 0x0000000083f00000, 0x0000000083f00000| Untracked 
|  10|0x0000000084000000, 0x0000000084000000, 0x0000000084100000|  0%| F|  |TAMS 0x0000000084000000, 0x0000000084000000| Untracked 
|  11|0x0000000084100000, 0x0000000084100000, 0x0000000084200000|  0%| F|  |TAMS 0x0000000084100000, 0x0000000084100000| Untracked 
|  12|0x0000000084200000, 0x0000000084200000, 0x0000000084300000|  0%| F|  |TAMS 0x0000000084200000, 0x0000000084200000| Untracked 
|  13|0x0000000084300000, 0x0000000084300000, 0x0000000084400000|  0%| F|  |TAMS 0x0000000084300000, 0x0000000084300000| Untracked 
|  14|0x0000000084400000, 0x0000000084400000, 0x0000000084500000|  0%| F|  |TAMS 0x0000000084400000, 0x0000000084400000| Untracked 
|  15|0x0000000084500000, 0x0000000084500000, 0x0000000084600000|  0%| F|  |TAMS 0x0000000084500000, 0x0000000084500000| Untracked 
|  16|0x0000000084600000, 0x0000000084600000, 0x0000000084700000|  0%| F|  |TAMS 0x0000000084600000, 0x0000000084600000| Untracked 
|  17|0x0000000084700000, 0x0000000084700000, 0x0000000084800000|  0%| F|  |TAMS 0x0000000084700000, 0x0000000084700000| Untracked 
|  18|0x0000000084800000, 0x0000000084800000, 0x0000000084900000|  0%| F|  |TAMS 0x0000000084800000, 0x0000000084800000| Untracked 
|  19|0x0000000084900000, 0x0000000084900000, 0x0000000084a00000|  0%| F|  |TAMS 0x0000000084900000, 0x0000000084900000| Untracked 
|  20|0x0000000084a00000, 0x0000000084a00000, 0x0000000084b00000|  0%| F|  |TAMS 0x0000000084a00000, 0x0000000084a00000| Untracked 
|  21|0x0000000084b00000, 0x0000000084b00000, 0x0000000084c00000|  0%| F|  |TAMS 0x0000000084b00000, 0x0000000084b00000| Untracked 
|  22|0x0000000084c00000, 0x0000000084c00000, 0x0000000084d00000|  0%| F|  |TAMS 0x0000000084c00000, 0x0000000084c00000| Untracked 
|  23|0x0000000084d00000, 0x0000000084d00000, 0x0000000084e00000|  0%| F|  |TAMS 0x0000000084d00000, 0x0000000084d00000| Untracked 
|  24|0x0000000084e00000, 0x0000000084e00000, 0x0000000084f00000|  0%| F|  |TAMS 0x0000000084e00000, 0x0000000084e00000| Untracked 
|  25|0x0000000084f00000, 0x0000000084f00000, 0x0000000085000000|  0%| F|  |TAMS 0x0000000084f00000, 0x0000000084f00000| Untracked 
|  26|0x0000000085000000, 0x0000000085000000, 0x0000000085100000|  0%| F|  |TAMS 0x0000000085000000, 0x0000000085000000| Untracked 
|  27|0x0000000085100000, 0x0000000085100000, 0x0000000085200000|  0%| F|  |TAMS 0x0000000085100000, 0x0000000085100000| Untracked 
|  28|0x0000000085200000, 0x0000000085200000, 0x0000000085300000|  0%| F|  |TAMS 0x0000000085200000, 0x0000000085200000| Untracked 
|  29|0x0000000085300000, 0x0000000085300000, 0x0000000085400000|  0%| F|  |TAMS 0x0000000085300000, 0x0000000085300000| Untracked 
|  30|0x0000000085400000, 0x0000000085400000, 0x0000000085500000|  0%| F|  |TAMS 0x0000000085400000, 0x0000000085400000| Untracked 
|  31|0x0000000085500000, 0x0000000085500000, 0x0000000085600000|  0%| F|  |TAMS 0x0000000085500000, 0x0000000085500000| Untracked 
|  32|0x0000000085600000, 0x0000000085600000, 0x0000000085700000|  0%| F|  |TAMS 0x0000000085600000, 0x0000000085600000| Untracked 
|  33|0x0000000085700000, 0x0000000085700000, 0x0000000085800000|  0%| F|  |TAMS 0x0000000085700000, 0x0000000085700000| Untracked 
|  34|0x0000000085800000, 0x0000000085800000, 0x0000000085900000|  0%| F|  |TAMS 0x0000000085800000, 0x0000000085800000| Untracked 
|  35|0x0000000085900000, 0x0000000085900000, 0x0000000085a00000|  0%| F|  |TAMS 0x0000000085900000, 0x0000000085900000| Untracked 
|  36|0x0000000085a00000, 0x0000000085a00000, 0x0000000085b00000|  0%| F|  |TAMS 0x0000000085a00000, 0x0000000085a00000| Untracked 
|  37|0x0000000085b00000, 0x0000000085b00000, 0x0000000085c00000|  0%| F|  |TAMS 0x0000000085b00000, 0x0000000085b00000| Untracked 
|  38|0x0000000085c00000, 0x0000000085c00000, 0x0000000085d00000|  0%| F|  |TAMS 0x0000000085c00000, 0x0000000085c00000| Untracked 
|  39|0x0000000085d00000, 0x0000000085d00000, 0x0000000085e00000|  0%| F|  |TAMS 0x0000000085d00000, 0x0000000085d00000| Untracked 
|  40|0x0000000085e00000, 0x0000000085e00000, 0x0000000085f00000|  0%| F|  |TAMS 0x0000000085e00000, 0x0000000085e00000| Untracked 
|  41|0x0000000085f00000, 0x0000000085f00000, 0x0000000086000000|  0%| F|  |TAMS 0x0000000085f00000, 0x0000000085f00000| Untracked 
|  42|0x0000000086000000, 0x0000000086000000, 0x0000000086100000|  0%| F|  |TAMS 0x0000000086000000, 0x0000000086000000| Untracked 
|  43|0x0000000086100000, 0x0000000086100000, 0x0000000086200000|  0%| F|  |TAMS 0x0000000086100000, 0x0000000086100000| Untracked 
|  44|0x0000000086200000, 0x0000000086200000, 0x0000000086300000|  0%| F|  |TAMS 0x0000000086200000, 0x0000000086200000| Untracked 
|  45|0x0000000086300000, 0x0000000086300000, 0x0000000086400000|  0%| F|  |TAMS 0x0000000086300000, 0x0000000086300000| Untracked 
|  46|0x0000000086400000, 0x0000000086400000, 0x0000000086500000|  0%| F|  |TAMS 0x0000000086400000, 0x0000000086400000| Untracked 
|  47|0x0000000086500000, 0x0000000086500000, 0x0000000086600000|  0%| F|  |TAMS 0x0000000086500000, 0x0000000086500000| Untracked 
|  48|0x0000000086600000, 0x0000000086600000, 0x0000000086700000|  0%| F|  |TAMS 0x0000000086600000, 0x0000000086600000| Untracked 
|  49|0x0000000086700000, 0x0000000086700000, 0x0000000086800000|  0%| F|  |TAMS 0x0000000086700000, 0x0000000086700000| Untracked 
|  50|0x0000000086800000, 0x0000000086800000, 0x0000000086900000|  0%| F|  |TAMS 0x0000000086800000, 0x0000000086800000| Untracked 
|  51|0x0000000086900000, 0x0000000086900000, 0x0000000086a00000|  0%| F|  |TAMS 0x0000000086900000, 0x0000000086900000| Untracked 
|  52|0x0000000086a00000, 0x0000000086a00000, 0x0000000086b00000|  0%| F|  |TAMS 0x0000000086a00000, 0x0000000086a00000| Untracked 
|  53|0x0000000086b00000, 0x0000000086b00000, 0x0000000086c00000|  0%| F|  |TAMS 0x0000000086b00000, 0x0000000086b00000| Untracked 
|  54|0x0000000086c00000, 0x0000000086c00000, 0x0000000086d00000|  0%| F|  |TAMS 0x0000000086c00000, 0x0000000086c00000| Untracked 
|  55|0x0000000086d00000, 0x0000000086d00000, 0x0000000086e00000|  0%| F|  |TAMS 0x0000000086d00000, 0x0000000086d00000| Untracked 
|  56|0x0000000086e00000, 0x0000000086e00000, 0x0000000086f00000|  0%| F|  |TAMS 0x0000000086e00000, 0x0000000086e00000| Untracked 
|  57|0x0000000086f00000, 0x0000000086f00000, 0x0000000087000000|  0%| F|  |TAMS 0x0000000086f00000, 0x0000000086f00000| Untracked 
|  58|0x0000000087000000, 0x0000000087000000, 0x0000000087100000|  0%| F|  |TAMS 0x0000000087000000, 0x0000000087000000| Untracked 
|  59|0x0000000087100000, 0x0000000087100000, 0x0000000087200000|  0%| F|  |TAMS 0x0000000087100000, 0x0000000087100000| Untracked 
|  60|0x0000000087200000, 0x0000000087200000, 0x0000000087300000|  0%| F|  |TAMS 0x0000000087200000, 0x0000000087200000| Untracked 
|  61|0x0000000087300000, 0x0000000087300000, 0x0000000087400000|  0%| F|  |TAMS 0x0000000087300000, 0x0000000087300000| Untracked 
|  62|0x0000000087400000, 0x0000000087400000, 0x0000000087500000|  0%| F|  |TAMS 0x0000000087400000, 0x0000000087400000| Untracked 
|  63|0x0000000087500000, 0x0000000087500000, 0x0000000087600000|  0%| F|  |TAMS 0x0000000087500000, 0x0000000087500000| Untracked 
|  64|0x0000000087600000, 0x0000000087600000, 0x0000000087700000|  0%| F|  |TAMS 0x0000000087600000, 0x0000000087600000| Untracked 
|  65|0x0000000087700000, 0x0000000087700000, 0x0000000087800000|  0%| F|  |TAMS 0x0000000087700000, 0x0000000087700000| Untracked 
|  66|0x0000000087800000, 0x0000000087800000, 0x0000000087900000|  0%| F|  |TAMS 0x0000000087800000, 0x0000000087800000| Untracked 
|  67|0x0000000087900000, 0x0000000087900000, 0x0000000087a00000|  0%| F|  |TAMS 0x0000000087900000, 0x0000000087900000| Untracked 
|  68|0x0000000087a00000, 0x0000000087a00000, 0x0000000087b00000|  0%| F|  |TAMS 0x0000000087a00000, 0x0000000087a00000| Untracked 
|  69|0x0000000087b00000, 0x0000000087b00000, 0x0000000087c00000|  0%| F|  |TAMS 0x0000000087b00000, 0x0000000087b00000| Untracked 
|  70|0x0000000087c00000, 0x0000000087c00000, 0x0000000087d00000|  0%| F|  |TAMS 0x0000000087c00000, 0x0000000087c00000| Untracked 
|  71|0x0000000087d00000, 0x0000000087d00000, 0x0000000087e00000|  0%| F|  |TAMS 0x0000000087d00000, 0x0000000087d00000| Untracked 
|  72|0x0000000087e00000, 0x0000000087e00000, 0x0000000087f00000|  0%| F|  |TAMS 0x0000000087e00000, 0x0000000087e00000| Untracked 
|  73|0x0000000087f00000, 0x0000000087f00000, 0x0000000088000000|  0%| F|  |TAMS 0x0000000087f00000, 0x0000000087f00000| Untracked 
|  74|0x0000000088000000, 0x0000000088000000, 0x0000000088100000|  0%| F|  |TAMS 0x0000000088000000, 0x0000000088000000| Untracked 
|  75|0x0000000088100000, 0x0000000088100000, 0x0000000088200000|  0%| F|  |TAMS 0x0000000088100000, 0x0000000088100000| Untracked 
|  76|0x0000000088200000, 0x0000000088200000, 0x0000000088300000|  0%| F|  |TAMS 0x0000000088200000, 0x0000000088200000| Untracked 
|  77|0x0000000088300000, 0x0000000088300000, 0x0000000088400000|  0%| F|  |TAMS 0x0000000088300000, 0x0000000088300000| Untracked 
|  78|0x0000000088400000, 0x0000000088400000, 0x0000000088500000|  0%| F|  |TAMS 0x0000000088400000, 0x0000000088400000| Untracked 
|  79|0x0000000088500000, 0x0000000088500000, 0x0000000088600000|  0%| F|  |TAMS 0x0000000088500000, 0x0000000088500000| Untracked 
|  80|0x0000000088600000, 0x0000000088600000, 0x0000000088700000|  0%| F|  |TAMS 0x0000000088600000, 0x0000000088600000| Untracked 
|  81|0x0000000088700000, 0x0000000088700000, 0x0000000088800000|  0%| F|  |TAMS 0x0000000088700000, 0x0000000088700000| Untracked 
|  82|0x0000000088800000, 0x0000000088800000, 0x0000000088900000|  0%| F|  |TAMS 0x0000000088800000, 0x0000000088800000| Untracked 
|  83|0x0000000088900000, 0x0000000088900000, 0x0000000088a00000|  0%| F|  |TAMS 0x0000000088900000, 0x0000000088900000| Untracked 
|  84|0x0000000088a00000, 0x0000000088a00000, 0x0000000088b00000|  0%| F|  |TAMS 0x0000000088a00000, 0x0000000088a00000| Untracked 
|  85|0x0000000088b00000, 0x0000000088b00000, 0x0000000088c00000|  0%| F|  |TAMS 0x0000000088b00000, 0x0000000088b00000| Untracked 
|  86|0x0000000088c00000, 0x0000000088c00000, 0x0000000088d00000|  0%| F|  |TAMS 0x0000000088c00000, 0x0000000088c00000| Untracked 
|  87|0x0000000088d00000, 0x0000000088d00000, 0x0000000088e00000|  0%| F|  |TAMS 0x0000000088d00000, 0x0000000088d00000| Untracked 
|  88|0x0000000088e00000, 0x0000000088e00000, 0x0000000088f00000|  0%| F|  |TAMS 0x0000000088e00000, 0x0000000088e00000| Untracked 
|  89|0x0000000088f00000, 0x0000000088f00000, 0x0000000089000000|  0%| F|  |TAMS 0x0000000088f00000, 0x0000000088f00000| Untracked 
|  90|0x0000000089000000, 0x0000000089000000, 0x0000000089100000|  0%| F|  |TAMS 0x0000000089000000, 0x0000000089000000| Untracked 
|  91|0x0000000089100000, 0x0000000089100000, 0x0000000089200000|  0%| F|  |TAMS 0x0000000089100000, 0x0000000089100000| Untracked 
|  92|0x0000000089200000, 0x0000000089200000, 0x0000000089300000|  0%| F|  |TAMS 0x0000000089200000, 0x0000000089200000| Untracked 
|  93|0x0000000089300000, 0x0000000089300000, 0x0000000089400000|  0%| F|  |TAMS 0x0000000089300000, 0x0000000089300000| Untracked 
|  94|0x0000000089400000, 0x0000000089400000, 0x0000000089500000|  0%| F|  |TAMS 0x0000000089400000, 0x0000000089400000| Untracked 
|  95|0x0000000089500000, 0x0000000089500000, 0x0000000089600000|  0%| F|  |TAMS 0x0000000089500000, 0x0000000089500000| Untracked 
|  96|0x0000000089600000, 0x0000000089600000, 0x0000000089700000|  0%| F|  |TAMS 0x0000000089600000, 0x0000000089600000| Untracked 
|  97|0x0000000089700000, 0x0000000089700000, 0x0000000089800000|  0%| F|  |TAMS 0x0000000089700000, 0x0000000089700000| Untracked 
|  98|0x0000000089800000, 0x0000000089800000, 0x0000000089900000|  0%| F|  |TAMS 0x0000000089800000, 0x0000000089800000| Untracked 
|  99|0x0000000089900000, 0x0000000089900000, 0x0000000089a00000|  0%| F|  |TAMS 0x0000000089900000, 0x0000000089900000| Untracked 
| 100|0x0000000089a00000, 0x0000000089a00000, 0x0000000089b00000|  0%| F|  |TAMS 0x0000000089a00000, 0x0000000089a00000| Untracked 
| 101|0x0000000089b00000, 0x0000000089b00000, 0x0000000089c00000|  0%| F|  |TAMS 0x0000000089b00000, 0x0000000089b00000| Untracked 
| 102|0x0000000089c00000, 0x0000000089c00000, 0x0000000089d00000|  0%| F|  |TAMS 0x0000000089c00000, 0x0000000089c00000| Untracked 
| 103|0x0000000089d00000, 0x0000000089d00000, 0x0000000089e00000|  0%| F|  |TAMS 0x0000000089d00000, 0x0000000089d00000| Untracked 
| 104|0x0000000089e00000, 0x0000000089e00000, 0x0000000089f00000|  0%| F|  |TAMS 0x0000000089e00000, 0x0000000089e00000| Untracked 
| 105|0x0000000089f00000, 0x0000000089f00000, 0x000000008a000000|  0%| F|  |TAMS 0x0000000089f00000, 0x0000000089f00000| Untracked 
| 106|0x000000008a000000, 0x000000008a000000, 0x000000008a100000|  0%| F|  |TAMS 0x000000008a000000, 0x000000008a000000| Untracked 
| 107|0x000000008a100000, 0x000000008a100000, 0x000000008a200000|  0%| F|  |TAMS 0x000000008a100000, 0x000000008a100000| Untracked 
| 108|0x000000008a200000, 0x000000008a200000, 0x000000008a300000|  0%| F|  |TAMS 0x000000008a200000, 0x000000008a200000| Untracked 
| 109|0x000000008a300000, 0x000000008a300000, 0x000000008a400000|  0%| F|  |TAMS 0x000000008a300000, 0x000000008a300000| Untracked 
| 110|0x000000008a400000, 0x000000008a400000, 0x000000008a500000|  0%| F|  |TAMS 0x000000008a400000, 0x000000008a400000| Untracked 
| 111|0x000000008a500000, 0x000000008a500000, 0x000000008a600000|  0%| F|  |TAMS 0x000000008a500000, 0x000000008a500000| Untracked 
| 112|0x000000008a600000, 0x000000008a600000, 0x000000008a700000|  0%| F|  |TAMS 0x000000008a600000, 0x000000008a600000| Untracked 
| 113|0x000000008a700000, 0x000000008a800000, 0x000000008a800000|100%| S|CS|TAMS 0x000000008a700000, 0x000000008a700000| Complete 
| 114|0x000000008a800000, 0x000000008a800000, 0x000000008a900000|  0%| F|  |TAMS 0x000000008a800000, 0x000000008a800000| Untracked 
| 115|0x000000008a900000, 0x000000008a900000, 0x000000008aa00000|  0%| F|  |TAMS 0x000000008a900000, 0x000000008a900000| Untracked 
| 116|0x000000008aa00000, 0x000000008aa00000, 0x000000008ab00000|  0%| F|  |TAMS 0x000000008aa00000, 0x000000008aa00000| Untracked 
| 117|0x000000008ab00000, 0x000000008ab00000, 0x000000008ac00000|  0%| F|  |TAMS 0x000000008ab00000, 0x000000008ab00000| Untracked 
| 118|0x000000008ac00000, 0x000000008ac00000, 0x000000008ad00000|  0%| F|  |TAMS 0x000000008ac00000, 0x000000008ac00000| Untracked 
| 119|0x000000008ad00000, 0x000000008ad00000, 0x000000008ae00000|  0%| F|  |TAMS 0x000000008ad00000, 0x000000008ad00000| Untracked 
| 120|0x000000008ae00000, 0x000000008ae00000, 0x000000008af00000|  0%| F|  |TAMS 0x000000008ae00000, 0x000000008ae00000| Untracked 
| 121|0x000000008af00000, 0x000000008af00000, 0x000000008b000000|  0%| F|  |TAMS 0x000000008af00000, 0x000000008af00000| Untracked 
| 122|0x000000008b000000, 0x000000008b000000, 0x000000008b100000|  0%| F|  |TAMS 0x000000008b000000, 0x000000008b000000| Untracked 
| 123|0x000000008b100000, 0x000000008b17df70, 0x000000008b200000| 49%| E|  |TAMS 0x000000008b100000, 0x000000008b100000| Complete 
| 124|0x000000008b200000, 0x000000008b300000, 0x000000008b300000|100%| E|CS|TAMS 0x000000008b200000, 0x000000008b200000| Complete 
| 125|0x000000008b300000, 0x000000008b400000, 0x000000008b400000|100%| E|CS|TAMS 0x000000008b300000, 0x000000008b300000| Complete 

Card table byte_map: [0x0000023f4af50000,0x0000023f4b340000] _byte_map_base: 0x0000023f4ab35000

Marking Bits (Prev, Next): (CMBitMap*) 0x0000023f3404f180, (CMBitMap*) 0x0000023f3404f1c0
 Prev Bits: [0x0000023f4b730000, 0x0000023f4d658000)
 Next Bits: [0x0000023f4d660000, 0x0000023f4f588000)

Polling page: 0x0000023f31d50000

Metaspace:

Usage:
  Non-class:      9.90 MB used.
      Class:      1.18 MB used.
       Both:     11.08 MB used.

Virtual space:
  Non-class space:       64.00 MB reserved,      10.06 MB ( 16%) committed,  1 nodes.
      Class space:        1.00 GB reserved,       1.31 MB ( <1%) committed,  1 nodes.
             Both:        1.06 GB reserved,      11.38 MB (  1%) committed. 

Chunk freelists:
   Non-Class:  5.78 MB
       Class:  14.51 MB
        Both:  20.29 MB

MaxMetaspaceSize: unlimited
CompressedClassSpaceSize: 1.00 GB
Initial GC threshold: 21.00 MB
Current GC threshold: 21.00 MB
CDS: on
MetaspaceReclaimPolicy: balanced
 - commit_granule_bytes: 65536.
 - commit_granule_words: 8192.
 - virtual_space_node_default_size: 8388608.
 - enlarge_chunks_in_place: 1.
 - new_chunks_are_fully_committed: 0.
 - uncommit_free_chunks: 1.
 - use_allocation_guard: 0.
 - handle_deallocations: 1.


Internal statistics:

num_allocs_failed_limit: 0.
num_arena_births: 242.
num_arena_deaths: 0.
num_vsnodes_births: 2.
num_vsnodes_deaths: 0.
num_space_committed: 182.
num_space_uncommitted: 0.
num_chunks_returned_to_freelist: 0.
num_chunks_taken_from_freelist: 480.
num_chunk_merges: 0.
num_chunk_splits: 278.
num_chunks_enlarged: 160.
num_inconsistent_stats: 0.

CodeHeap 'non-profiled nmethods': size=120000Kb used=524Kb max_used=524Kb free=119475Kb
 bounds [0x0000023f43630000, 0x0000023f438a0000, 0x0000023f4ab60000]
CodeHeap 'profiled nmethods': size=120000Kb used=2406Kb max_used=2406Kb free=117593Kb
 bounds [0x0000023f3bb60000, 0x0000023f3bdd0000, 0x0000023f43090000]
CodeHeap 'non-nmethods': size=5760Kb used=1185Kb max_used=1203Kb free=4574Kb
 bounds [0x0000023f43090000, 0x0000023f43300000, 0x0000023f43630000]
 total_blobs=1860 nmethods=1390 adapters=383
 compilation: enabled
              stopped_count=0, restarted_count=0
 full_count=0

Compilation events (20 events):
Event: 0.968 Thread 0x0000023f51a8cc60 1366       3       java.lang.Character$Subset::<init> (24 bytes)
Event: 0.968 Thread 0x0000023f51a8cc60 nmethod 1366 0x0000023f3bdac210 code [0x0000023f3bdac3c0, 0x0000023f3bdac688]
Event: 0.969 Thread 0x0000023f51a8cc60 1368       3       java.util.regex.Pattern::has (15 bytes)
Event: 0.969 Thread 0x0000023f51a8cc60 nmethod 1368 0x0000023f3bdac790 code [0x0000023f3bdac920, 0x0000023f3bdaca98]
Event: 0.972 Thread 0x0000023f51a8cc60 1369       3       java.lang.Short::<init> (10 bytes)
Event: 0.972 Thread 0x0000023f51a8cc60 nmethod 1369 0x0000023f3bdacb10 code [0x0000023f3bdaccc0, 0x0000023f3bdace98]
Event: 0.972 Thread 0x0000023f51a8cc60 1370       3       java.lang.Byte::<init> (10 bytes)
Event: 0.972 Thread 0x0000023f51a8cc60 nmethod 1370 0x0000023f3bdacf90 code [0x0000023f3bdad140, 0x0000023f3bdad318]
Event: 0.973 Thread 0x0000023f51a8cc60 1371       3       jdk.internal.math.FDBigInteger::mult (64 bytes)
Event: 0.973 Thread 0x0000023f51a8cc60 nmethod 1371 0x0000023f3bdad410 code [0x0000023f3bdad5c0, 0x0000023f3bdad838]
Event: 0.973 Thread 0x0000023f51a8cc60 1372       3       jdk.internal.math.FDBigInteger::<init> (30 bytes)
Event: 0.973 Thread 0x0000023f51a8cc60 nmethod 1372 0x0000023f3bdada10 code [0x0000023f3bdadbc0, 0x0000023f3bdaddc8]
Event: 0.973 Thread 0x0000023f51a8cc60 1373       3       jdk.internal.math.FDBigInteger::trimLeadingZeros (57 bytes)
Event: 0.973 Thread 0x0000023f51a8cc60 nmethod 1373 0x0000023f3bdadf10 code [0x0000023f3bdae0c0, 0x0000023f3bdae378]
Event: 0.974 Thread 0x0000023f51a6eaf0 1374       4       java.lang.System::getSecurityManager (12 bytes)
Event: 0.974 Thread 0x0000023f51a6eaf0 nmethod 1374 0x0000023f436b1a10 code [0x0000023f436b1b80, 0x0000023f436b1bf8]
Event: 0.977 Thread 0x0000023f51a6eaf0 1375       4       sun.net.www.ParseUtil::firstEncodeIndex (86 bytes)
Event: 0.979 Thread 0x0000023f51a6eaf0 nmethod 1375 0x0000023f436b1d10 code [0x0000023f436b1ec0, 0x0000023f436b2098]
Event: 0.981 Thread 0x0000023f51a8cc60 1376       3       io.github.bonigarcia.wdm.config.ConfigKey::<init> (15 bytes)
Event: 0.981 Thread 0x0000023f51a8cc60 nmethod 1376 0x0000023f3bdae490 code [0x0000023f3bdae640, 0x0000023f3bdae858]

GC Heap History (4 events):
Event: 0.447 GC heap before
{Heap before GC invocations=0 (full 0):
 garbage-first heap   total 129024K, used 14336K [0x0000000083600000, 0x0000000100000000)
  region size 1024K, 13 young (13312K), 0 survivors (0K)
 Metaspace       used 6291K, committed 6464K, reserved 1114112K
  class space    used 615K, committed 704K, reserved 1048576K
}
Event: 0.449 GC heap after
{Heap after GC invocations=1 (full 0):
 garbage-first heap   total 129024K, used 4406K [0x0000000083600000, 0x0000000100000000)
  region size 1024K, 2 young (2048K), 2 survivors (2048K)
 Metaspace       used 6291K, committed 6464K, reserved 1114112K
  class space    used 615K, committed 704K, reserved 1048576K
}
Event: 0.952 GC heap before
{Heap before GC invocations=1 (full 0):
 garbage-first heap   total 129024K, used 15670K [0x0000000083600000, 0x0000000100000000)
  region size 1024K, 14 young (14336K), 2 survivors (2048K)
 Metaspace       used 10680K, committed 10944K, reserved 1114112K
  class space    used 1138K, committed 1280K, reserved 1048576K
}
Event: 0.957 GC heap after
{Heap after GC invocations=2 (full 0):
 garbage-first heap   total 129024K, used 5498K [0x0000000083600000, 0x0000000100000000)
  region size 1024K, 1 young (1024K), 1 survivors (1024K)
 Metaspace       used 10680K, committed 10944K, reserved 1114112K
  class space    used 1138K, committed 1280K, reserved 1048576K
}

Dll operation events (9 events):
Event: 0.009 Loaded shared library C:\Users\topan\.jdks\ms-17.0.17\bin\java.dll
Event: 0.010 Loaded shared library C:\Users\topan\.jdks\ms-17.0.17\bin\zip.dll
Event: 0.025 Loaded shared library C:\Users\topan\.jdks\ms-17.0.17\bin\jsvml.dll
Event: 0.088 Loaded shared library C:\Users\topan\.jdks\ms-17.0.17\bin\instrument.dll
Event: 0.139 Loaded shared library C:\Users\topan\.jdks\ms-17.0.17\bin\net.dll
Event: 0.141 Loaded shared library C:\Users\topan\.jdks\ms-17.0.17\bin\nio.dll
Event: 0.151 Loaded shared library C:\Users\topan\.jdks\ms-17.0.17\bin\zip.dll
Event: 0.170 Loaded shared library C:\Users\topan\.jdks\ms-17.0.17\bin\extnet.dll
Event: 0.239 Loaded shared library C:\Users\topan\.jdks\ms-17.0.17\bin\jimage.dll

Deoptimization events (20 events):
Event: 0.649 Thread 0x0000023f33ff8e50 Uncommon trap: trap_request=0xffffff45 fr.pc=0x0000023f4367e98c relative=0x00000000000002cc
Event: 0.649 Thread 0x0000023f33ff8e50 Uncommon trap: reason=unstable_if action=reinterpret pc=0x0000023f4367e98c method=java.util.HashMap.getNode(Ljava/lang/Object;)Ljava/util/HashMap$Node; @ 66 c2
Event: 0.649 Thread 0x0000023f33ff8e50 DEOPT PACKING pc=0x0000023f4367e98c sp=0x0000007f9a8fe740
Event: 0.649 Thread 0x0000023f33ff8e50 DEOPT UNPACKING pc=0x0000023f430ea1a3 sp=0x0000007f9a8fe6c0 mode 2
Event: 0.650 Thread 0x0000023f33ff8e50 DEOPT PACKING pc=0x0000023f3bc92b3b sp=0x0000007f9a8fcd00
Event: 0.650 Thread 0x0000023f33ff8e50 DEOPT UNPACKING pc=0x0000023f430eace3 sp=0x0000007f9a8fc150 mode 0
Event: 0.676 Thread 0x0000023f33ff8e50 DEOPT PACKING pc=0x0000023f3bc92b3b sp=0x0000007f9a8fd5d0
Event: 0.676 Thread 0x0000023f33ff8e50 DEOPT UNPACKING pc=0x0000023f430eace3 sp=0x0000007f9a8fca20 mode 0
Event: 0.773 Thread 0x0000023f33ff8e50 DEOPT PACKING pc=0x0000023f3bba8272 sp=0x0000007f9a8fbf80
Event: 0.773 Thread 0x0000023f33ff8e50 DEOPT UNPACKING pc=0x0000023f430eace3 sp=0x0000007f9a8fb3f0 mode 0
Event: 0.785 Thread 0x0000023f33ff8e50 DEOPT PACKING pc=0x0000023f3bbc6406 sp=0x0000007f9a8fc9b0
Event: 0.785 Thread 0x0000023f33ff8e50 DEOPT UNPACKING pc=0x0000023f430eace3 sp=0x0000007f9a8fbe40 mode 0
Event: 0.942 Thread 0x0000023f33ff8e50 Uncommon trap: trap_request=0xffffff45 fr.pc=0x0000023f4364cfc0 relative=0x0000000000000040
Event: 0.942 Thread 0x0000023f33ff8e50 Uncommon trap: reason=unstable_if action=reinterpret pc=0x0000023f4364cfc0 method=sun.nio.fs.WindowsPathParser.isSlash(C)Z @ 9 c2
Event: 0.942 Thread 0x0000023f33ff8e50 DEOPT PACKING pc=0x0000023f4364cfc0 sp=0x0000007f9a8fd610
Event: 0.942 Thread 0x0000023f33ff8e50 DEOPT UNPACKING pc=0x0000023f430ea1a3 sp=0x0000007f9a8fd598 mode 2
Event: 0.958 Thread 0x0000023f33ff8e50 Uncommon trap: trap_request=0xffffff6e fr.pc=0x0000023f4369c804 relative=0x00000000000003e4
Event: 0.958 Thread 0x0000023f33ff8e50 Uncommon trap: reason=loop_limit_check action=maybe_recompile pc=0x0000023f4369c804 method=java.lang.StringLatin1.indexOf([BI[BII)I @ 37 c2
Event: 0.958 Thread 0x0000023f33ff8e50 DEOPT PACKING pc=0x0000023f4369c804 sp=0x0000007f9a8fd530
Event: 0.958 Thread 0x0000023f33ff8e50 DEOPT UNPACKING pc=0x0000023f430ea1a3 sp=0x0000007f9a8fd490 mode 2

Classes loaded (20 events):
Event: 0.976 Loading class io/github/bonigarcia/wdm/config/OperatingSystem
Event: 0.976 Loading class io/github/bonigarcia/wdm/config/OperatingSystem done
Event: 0.976 Loading class io/github/bonigarcia/wdm/cache/CacheHandler
Event: 0.976 Loading class io/github/bonigarcia/wdm/cache/CacheHandler done
Event: 0.977 Loading class io/github/bonigarcia/wdm/online/HttpClient
Event: 0.977 Loading class io/github/bonigarcia/wdm/online/HttpClient done
Event: 0.978 Loading class org/apache/hc/core5/ssl/TrustStrategy
Event: 0.978 Loading class org/apache/hc/core5/ssl/TrustStrategy done
Event: 0.978 Loading class org/apache/hc/client5/http/ssl/TlsSocketStrategy
Event: 0.978 Loading class org/apache/hc/client5/http/ssl/TlsSocketStrategy done
Event: 0.979 Loading class org/apache/hc/client5/http/io/HttpClientConnectionManager
Event: 0.979 Loading class org/apache/hc/client5/http/io/HttpClientConnectionManager done
Event: 0.980 Loading class org/apache/hc/core5/io/ModalCloseable
Event: 0.980 Loading class org/apache/hc/core5/io/ModalCloseable done
Event: 0.980 Loading class org/apache/hc/core5/http/protocol/HttpContext
Event: 0.980 Loading class org/apache/hc/core5/http/protocol/HttpContext done
Event: 0.980 Loading class org/apache/hc/client5/http/auth/Credentials
Event: 0.980 Loading class org/apache/hc/client5/http/auth/Credentials done
Event: 0.981 Loading class org/apache/hc/client5/http/impl/classic/HttpClientBuilder
Event: 0.981 Loading class org/apache/hc/client5/http/impl/classic/HttpClientBuilder done

Classes unloaded (0 events):
No events

Classes redefined (1 events):
Event: 0.116 Thread 0x0000023f51a4c1f0 redefined class name=java.lang.Throwable, count=1

Internal exceptions (20 events):
Event: 0.659 Thread 0x0000023f33ff8e50 Exception <a 'java/lang/IncompatibleClassChangeError'{0x000000008ae2ba48}: Found class java.lang.Object, but interface was expected> (0x000000008ae2ba48) 
thrown [s\src\hotspot\share\interpreter\linkResolver.cpp, line 826]
Event: 0.662 Thread 0x0000023f33ff8e50 Exception <a 'java/lang/NoSuchMethodError'{0x000000008ae439e0}: 'java.lang.Object java.lang.invoke.DirectMethodHandle$Holder.invokeSpecial(java.lang.Object, java.lang.Object, java.lang.Object, java.lang.Object, java.lang.Object, java.lang.Object, java.lang.Object, java.lang.Object, java.lang.Object, java.lang.Object)'> (0x000000008ae439e0) 
thrown [s\src\hotspot\share\interpreter\linkResolver.cpp, line 759]
Event: 0.663 Thread 0x0000023f33ff8e50 Exception <a 'java/lang/NoSuchMethodError'{0x000000008ae4e9f0}: 'java.lang.Object java.lang.invoke.DirectMethodHandle$Holder.newInvokeSpecial(java.lang.Object, java.lang.Object, java.lang.Object, java.lang.Object, java.lang.Object, java.lang.Object, java.lang.Object, java.lang.Object, java.lang.Object)'> (0x000000008ae4e9f0) 
thrown [s\src\hotspot\share\interpreter\linkResolver.cpp, line 759]
Event: 0.663 Thread 0x0000023f33ff8e50 Exception <a 'java/lang/NoSuchMethodError'{0x000000008ae53d60}: 'java.lang.Object java.lang.invoke.Invokers$Holder.linkToTargetMethod(java.lang.Object, java.lang.Object, java.lang.Object, java.lang.Object, java.lang.Object, java.lang.Object, java.lang.Object, java.lang.Object, java.lang.Object)'> (0x000000008ae53d60) 
thrown [s\src\hotspot\share\interpreter\linkResolver.cpp, line 759]
Event: 0.668 Thread 0x0000023f33ff8e50 Exception <a 'java/lang/NoSuchMethodError'{0x000000008ae83658}: 'java.lang.Object java.lang.invoke.DirectMethodHandle$Holder.newInvokeSpecial(java.lang.Object, java.lang.Object, java.lang.Object, java.lang.Object, java.lang.Object, java.lang.Object, java.lang.Object)'> (0x000000008ae83658) 
thrown [s\src\hotspot\share\interpreter\linkResolver.cpp, line 759]
Event: 0.669 Thread 0x0000023f33ff8e50 Exception <a 'java/lang/NoSuchMethodError'{0x000000008ae882e0}: 'java.lang.Object java.lang.invoke.Invokers$Holder.linkToTargetMethod(java.lang.Object, java.lang.Object, java.lang.Object, java.lang.Object, java.lang.Object, java.lang.Object, java.lang.Object)'> (0x000000008ae882e0) 
thrown [s\src\hotspot\share\interpreter\linkResolver.cpp, line 759]
Event: 0.674 Thread 0x0000023f33ff8e50 Exception <a 'java/lang/NoSuchMethodError'{0x000000008aecb100}: 'java.lang.Object java.lang.invoke.DirectMethodHandle$Holder.invokeStatic(java.lang.Object, int, java.lang.Object, java.lang.Object)'> (0x000000008aecb100) 
thrown [s\src\hotspot\share\interpreter\linkResolver.cpp, line 759]
Event: 0.674 Thread 0x0000023f33ff8e50 Exception <a 'java/lang/NoSuchMethodError'{0x000000008aed2260}: 'java.lang.Object java.lang.invoke.DirectMethodHandle$Holder.newInvokeSpecial(java.lang.Object, int, java.lang.Object)'> (0x000000008aed2260) 
thrown [s\src\hotspot\share\interpreter\linkResolver.cpp, line 759]
Event: 0.682 Thread 0x0000023f33ff8e50 Exception <a 'java/lang/NoSuchMethodError'{0x000000008ad0d290}: 'java.lang.Object java.lang.invoke.DirectMethodHandle$Holder.newInvokeSpecial(java.lang.Object, java.lang.Object, java.lang.Object, java.lang.Object, java.lang.Object)'> (0x000000008ad0d290) 
thrown [s\src\hotspot\share\interpreter\linkResolver.cpp, line 759]
Event: 0.695 Thread 0x0000023f33ff8e50 Exception <a 'java/lang/IncompatibleClassChangeError'{0x000000008ad94be8}: Found class java.lang.Object, but interface was expected> (0x000000008ad94be8) 
thrown [s\src\hotspot\share\interpreter\linkResolver.cpp, line 826]
Event: 0.704 Thread 0x0000023f33ff8e50 Exception <a 'java/lang/NoSuchMethodError'{0x000000008ac2d5e0}: 'java.lang.Object java.lang.invoke.Invokers$Holder.linkToTargetMethod(java.lang.Object, long, java.lang.Object)'> (0x000000008ac2d5e0) 
thrown [s\src\hotspot\share\interpreter\linkResolver.cpp, line 759]
Event: 0.705 Thread 0x0000023f33ff8e50 Exception <a 'java/lang/NoSuchMethodError'{0x000000008ac37a78}: 'java.lang.Object java.lang.invoke.DirectMethodHandle$Holder.newInvokeSpecial(java.lang.Object, java.lang.Object, int, java.lang.Object, java.lang.Object)'> (0x000000008ac37a78) 
thrown [s\src\hotspot\share\interpreter\linkResolver.cpp, line 759]
Event: 0.709 Thread 0x0000023f33ff8e50 Exception <a 'java/lang/NoSuchMethodError'{0x000000008ac74258}: 'java.lang.Object java.lang.invoke.DirectMethodHandle$Holder.invokeStatic(java.lang.Object, java.lang.Object, java.lang.Object, int, java.lang.Object, java.lang.Object)'> (0x000000008ac74258) 
thrown [s\src\hotspot\share\interpreter\linkResolver.cpp, line 759]
Event: 0.710 Thread 0x0000023f33ff8e50 Exception <a 'java/lang/NoSuchMethodError'{0x000000008ac7c7b8}: 'java.lang.Object java.lang.invoke.DirectMethodHandle$Holder.newInvokeSpecial(java.lang.Object, java.lang.Object, java.lang.Object, int, java.lang.Object)'> (0x000000008ac7c7b8) 
thrown [s\src\hotspot\share\interpreter\linkResolver.cpp, line 759]
Event: 0.710 Thread 0x0000023f33ff8e50 Exception <a 'java/lang/NoSuchMethodError'{0x000000008ac841a8}: 'java.lang.Object java.lang.invoke.Invokers$Holder.linkToTargetMethod(java.lang.Object, java.lang.Object, int, java.lang.Object, java.lang.Object)'> (0x000000008ac841a8) 
thrown [s\src\hotspot\share\interpreter\linkResolver.cpp, line 759]
Event: 0.757 Thread 0x0000023f33ff8e50 Exception <a 'java/lang/NoSuchMethodError'{0x000000008aa747f8}: 'int java.lang.invoke.DirectMethodHandle$Holder.invokeInterface(java.lang.Object, java.lang.Object)'> (0x000000008aa747f8) 
thrown [s\src\hotspot\share\interpreter\linkResolver.cpp, line 759]
Event: 0.758 Thread 0x0000023f33ff8e50 Exception <a 'java/lang/IncompatibleClassChangeError'{0x000000008aa77b00}: Found class java.lang.Object, but interface was expected> (0x000000008aa77b00) 
thrown [s\src\hotspot\share\interpreter\linkResolver.cpp, line 826]
Event: 0.758 Thread 0x0000023f33ff8e50 Exception <a 'java/lang/NoSuchMethodError'{0x000000008aa7bea0}: 'void java.lang.invoke.DirectMethodHandle$Holder.invokeInterface(java.lang.Object, java.lang.Object)'> (0x000000008aa7bea0) 
thrown [s\src\hotspot\share\interpreter\linkResolver.cpp, line 759]
Event: 0.778 Thread 0x0000023f33ff8e50 Exception <a 'java/lang/IncompatibleClassChangeError'{0x000000008a9744e0}: Found class java.lang.Object, but interface was expected> (0x000000008a9744e0) 
thrown [s\src\hotspot\share\interpreter\linkResolver.cpp, line 826]
Event: 0.969 Thread 0x0000023f33ff8e50 Exception <a 'java/lang/NoSuchMethodError'{0x000000008b3a1ec8}: 'int java.lang.invoke.DirectMethodHandle$Holder.invokeStatic(java.lang.Object, java.lang.Object, int)'> (0x000000008b3a1ec8) 
thrown [s\src\hotspot\share\interpreter\linkResolver.cpp, line 759]

VM Operations (20 events):
Event: 0.160 Executing VM operation: HandshakeAllThreads
Event: 0.160 Executing VM operation: HandshakeAllThreads done
Event: 0.301 Executing VM operation: HandshakeAllThreads
Event: 0.301 Executing VM operation: HandshakeAllThreads done
Event: 0.424 Executing VM operation: HandshakeAllThreads
Event: 0.424 Executing VM operation: HandshakeAllThreads done
Event: 0.447 Executing VM operation: G1CollectForAllocation
Event: 0.449 Executing VM operation: G1CollectForAllocation done
Event: 0.452 Executing VM operation: HandshakeAllThreads
Event: 0.452 Executing VM operation: HandshakeAllThreads done
Event: 0.487 Executing VM operation: HandshakeAllThreads
Event: 0.487 Executing VM operation: HandshakeAllThreads done
Event: 0.567 Executing VM operation: HandshakeAllThreads
Event: 0.567 Executing VM operation: HandshakeAllThreads done
Event: 0.567 Executing VM operation: HandshakeAllThreads
Event: 0.567 Executing VM operation: HandshakeAllThreads done
Event: 0.930 Executing VM operation: HandshakeAllThreads
Event: 0.930 Executing VM operation: HandshakeAllThreads done
Event: 0.952 Executing VM operation: G1CollectForAllocation
Event: 0.957 Executing VM operation: G1CollectForAllocation done

Memory protections (0 events):
No events

Nmethod flushes (0 events):
No events

Events (15 events):
Event: 0.025 Thread 0x0000023f33ff8e50 Thread added: 0x0000023f33ff8e50
Event: 0.027 Thread 0x0000023f33ff8e50 Thread added: 0x0000023f51a4fa80
Event: 0.027 Thread 0x0000023f33ff8e50 Thread added: 0x0000023f51a50cf0
Event: 0.033 Thread 0x0000023f33ff8e50 Thread added: 0x0000023f51a67800
Event: 0.033 Thread 0x0000023f33ff8e50 Thread added: 0x0000023f51a6a0e0
Event: 0.033 Thread 0x0000023f33ff8e50 Thread added: 0x0000023f51a6a9b0
Event: 0.033 Thread 0x0000023f33ff8e50 Thread added: 0x0000023f51a6b690
Event: 0.033 Thread 0x0000023f33ff8e50 Thread added: 0x0000023f51a6eaf0
Event: 0.033 Thread 0x0000023f33ff8e50 Thread added: 0x0000023f51a8cc60
Event: 0.033 Thread 0x0000023f33ff8e50 Thread added: 0x0000023f51a9d160
Event: 0.071 Thread 0x0000023f33ff8e50 Thread added: 0x0000023f51a39f60
Event: 0.117 Thread 0x0000023f33ff8e50 Thread added: 0x0000023f51df6010
Event: 0.154 Thread 0x0000023f33ff8e50 Thread added: 0x0000023f970d7680
Event: 0.154 Thread 0x0000023f33ff8e50 Thread added: 0x0000023f970d7b90
Event: 0.201 Thread 0x0000023f51a6eaf0 Thread added: 0x0000023f9727af30


Dynamic libraries:
0x00007ff7af340000 - 0x00007ff7af34e000 	C:\Users\topan\.jdks\ms-17.0.17\bin\java.exe
0x00007ff9fe140000 - 0x00007ff9fe3a8000 	C:\WINDOWS\SYSTEM32\ntdll.dll
0x00007ff9fd520000 - 0x00007ff9fd5e9000 	C:\WINDOWS\System32\KERNEL32.DLL
0x00007ff9fb7a0000 - 0x00007ff9fbb92000 	C:\WINDOWS\System32\KERNELBASE.dll
0x00007ff9fb4e0000 - 0x00007ff9fb62b000 	C:\WINDOWS\System32\ucrtbase.dll
0x00007ff9f09b0000 - 0x00007ff9f09c8000 	C:\Users\topan\.jdks\ms-17.0.17\bin\jli.dll
0x00007ff9fde70000 - 0x00007ff9fe035000 	C:\WINDOWS\System32\USER32.dll
0x00007ff9fb4b0000 - 0x00007ff9fb4d7000 	C:\WINDOWS\System32\win32u.dll
0x00007ff9d7120000 - 0x00007ff9d713e000 	C:\Users\topan\.jdks\ms-17.0.17\bin\VCRUNTIME140.dll
0x00007ff9fdc30000 - 0x00007ff9fdc5b000 	C:\WINDOWS\System32\GDI32.dll
0x00007ff9fb380000 - 0x00007ff9fb4ad000 	C:\WINDOWS\System32\gdi32full.dll
0x00007ff9e5cc0000 - 0x00007ff9e5f53000 	C:\WINDOWS\WinSxS\amd64_microsoft.windows.common-controls_6595b64144ccf1df_6.0.26100.6899_none_3e0efeeae32e88c1\COMCTL32.dll
0x00007ff9fb2d0000 - 0x00007ff9fb373000 	C:\WINDOWS\System32\msvcp_win.dll
0x00007ff9fd230000 - 0x00007ff9fd2d9000 	C:\WINDOWS\System32\msvcrt.dll
0x00007ff9fbf10000 - 0x00007ff9fbf3f000 	C:\WINDOWS\System32\IMM32.DLL
0x00007ff9d4540000 - 0x00007ff9d454c000 	C:\Users\topan\.jdks\ms-17.0.17\bin\vcruntime140_1.dll
0x00007ff9d1b80000 - 0x00007ff9d1c09000 	C:\Users\topan\.jdks\ms-17.0.17\bin\msvcp140.dll
0x00007ff9665f0000 - 0x00007ff96726a000 	C:\Users\topan\.jdks\ms-17.0.17\bin\server\jvm.dll
0x00007ff9fdda0000 - 0x00007ff9fde54000 	C:\WINDOWS\System32\ADVAPI32.dll
0x00007ff9fc970000 - 0x00007ff9fca16000 	C:\WINDOWS\System32\sechost.dll
0x00007ff9fd600000 - 0x00007ff9fd718000 	C:\WINDOWS\System32\RPCRT4.dll
0x00007ff9fd720000 - 0x00007ff9fd794000 	C:\WINDOWS\System32\WS2_32.dll
0x00007ff9fb130000 - 0x00007ff9fb18e000 	C:\WINDOWS\SYSTEM32\POWRPROF.dll
0x00007ff9f2500000 - 0x00007ff9f2535000 	C:\WINDOWS\SYSTEM32\WINMM.dll
0x00007ff9f2370000 - 0x00007ff9f237b000 	C:\WINDOWS\SYSTEM32\VERSION.dll
0x00007ff9fb110000 - 0x00007ff9fb124000 	C:\WINDOWS\SYSTEM32\UMPDC.dll
0x00007ff9fa0a0000 - 0x00007ff9fa0bb000 	C:\WINDOWS\SYSTEM32\kernel.appcore.dll
0x00007ff9d2120000 - 0x00007ff9d212a000 	C:\Users\topan\.jdks\ms-17.0.17\bin\jimage.dll
0x00007ff9f87e0000 - 0x00007ff9f8a22000 	C:\WINDOWS\SYSTEM32\DBGHELP.DLL
0x00007ff9fcd50000 - 0x00007ff9fd0cb000 	C:\WINDOWS\System32\combase.dll
0x00007ff9fd150000 - 0x00007ff9fd227000 	C:\WINDOWS\System32\OLEAUT32.dll
0x00007ff9dd8a0000 - 0x00007ff9dd8dc000 	C:\WINDOWS\SYSTEM32\dbgcore.DLL
0x00007ff9fbd20000 - 0x00007ff9fbdb8000 	C:\WINDOWS\System32\bcryptPrimitives.dll
0x00007ff9f0a50000 - 0x00007ff9f0a5f000 	C:\Users\topan\.jdks\ms-17.0.17\bin\instrument.dll
0x00007ff9a9900000 - 0x00007ff9a9926000 	C:\Users\topan\.jdks\ms-17.0.17\bin\java.dll
0x00007ff9cbff0000 - 0x00007ff9cc008000 	C:\Users\topan\.jdks\ms-17.0.17\bin\zip.dll
0x00007ff9a01b0000 - 0x00007ff9a0286000 	C:\Users\topan\.jdks\ms-17.0.17\bin\jsvml.dll
0x00007ff9fbf50000 - 0x00007ff9fc69d000 	C:\WINDOWS\System32\SHELL32.dll
0x00007ff9fb630000 - 0x00007ff9fb79b000 	C:\WINDOWS\System32\wintypes.dll
0x00007ff9f8f40000 - 0x00007ff9f979d000 	C:\WINDOWS\SYSTEM32\windows.storage.dll
0x00007ff9fc870000 - 0x00007ff9fc962000 	C:\WINDOWS\System32\SHCORE.dll
0x00007ff9fc800000 - 0x00007ff9fc862000 	C:\WINDOWS\System32\shlwapi.dll
0x00007ff9fb1f0000 - 0x00007ff9fb219000 	C:\WINDOWS\SYSTEM32\profapi.dll
0x00007ff9d2070000 - 0x00007ff9d208b000 	C:\Users\topan\.jdks\ms-17.0.17\bin\net.dll
0x00007ff9f53f0000 - 0x00007ff9f550f000 	C:\WINDOWS\SYSTEM32\WINHTTP.dll
0x00007ff9fa610000 - 0x00007ff9fa67b000 	C:\WINDOWS\system32\mswsock.dll
0x00007ff9d1f80000 - 0x00007ff9d1f96000 	C:\Users\topan\.jdks\ms-17.0.17\bin\nio.dll
0x00007ff9c02e0000 - 0x00007ff9c02e9000 	C:\Users\topan\.jdks\ms-17.0.17\bin\extnet.dll
0x00007ff9fa8c0000 - 0x00007ff9fa8db000 	C:\WINDOWS\SYSTEM32\CRYPTSP.dll
0x00007ff9fa000000 - 0x00007ff9fa03b000 	C:\WINDOWS\system32\rsaenh.dll
0x00007ff9fa6b0000 - 0x00007ff9fa6db000 	C:\WINDOWS\SYSTEM32\USERENV.dll
0x00007ff9fb1c0000 - 0x00007ff9fb1e6000 	C:\WINDOWS\SYSTEM32\bcrypt.dll
0x00007ff9fa8e0000 - 0x00007ff9fa8ec000 	C:\WINDOWS\SYSTEM32\CRYPTBASE.dll
0x00007ff9f9b70000 - 0x00007ff9f9ba4000 	C:\WINDOWS\SYSTEM32\IPHLPAPI.DLL
0x00007ff9fde60000 - 0x00007ff9fde6a000 	C:\WINDOWS\System32\NSI.dll
0x00007ff9f5b40000 - 0x00007ff9f5b5e000 	C:\WINDOWS\SYSTEM32\dhcpcsvc6.DLL
0x00007ff9f5a90000 - 0x00007ff9f5ab3000 	C:\WINDOWS\SYSTEM32\dhcpcsvc.DLL
0x00007ff9f9bb0000 - 0x00007ff9f9cd6000 	C:\WINDOWS\SYSTEM32\DNSAPI.dll
0x00007ff9d1b70000 - 0x00007ff9d1b7e000 	C:\Users\topan\.jdks\ms-17.0.17\bin\sunmscapi.dll
0x00007ff9fbba0000 - 0x00007ff9fbd17000 	C:\WINDOWS\System32\CRYPT32.dll
0x00007ff9faae0000 - 0x00007ff9fab10000 	C:\WINDOWS\SYSTEM32\ncrypt.dll
0x00007ff9faa90000 - 0x00007ff9faacf000 	C:\WINDOWS\SYSTEM32\NTASN1.dll

dbghelp: loaded successfully - version: 4.0.5 - missing functions: none
symbol engine: initialized successfully - sym options: 0x614 - pdb path: .;C:\Users\topan\.jdks\ms-17.0.17\bin;C:\WINDOWS\SYSTEM32;C:\WINDOWS\WinSxS\amd64_microsoft.windows.common-controls_6595b64144ccf1df_6.0.26100.6899_none_3e0efeeae32e88c1;C:\Users\topan\.jdks\ms-17.0.17\bin\server

VM Arguments:
jvm_args: -javaagent:C:\Users\topan\AppData\Local\JetBrains\IdeaIC2025.2\captureAgent\debugger-agent.jar=file:///C:/Users/topan/AppData/Local/Temp/capture16002953125667043050.props -ea -Didea.test.cyclic.buffer.size=1048576 -javaagent:C:\Program Files\JetBrains\IntelliJ IDEA Community Edition 2025.2.4\lib\idea_rt.jar=53311 -Dkotlinx.coroutines.debug.enable.creation.stack.trace=false -Ddebugger.agent.enable.coroutines=true -Dkotlinx.coroutines.debug.enable.flows.stack.trace=true -Dkotlinx.coroutines.debug.enable.mutable.state.flows.stack.trace=true -Dfile.encoding=UTF-8 
java_command: com.intellij.rt.testng.RemoteTestNGStarter -usedefaultlisteners false -socket53310 @w@C:\Users\topan\AppData\Local\Temp\idea_working_dirs_testng.tmp -temp C:\Users\topan\AppData\Local\Temp\idea_testng.tmp
java_class_path (initial): C:\Program Files\JetBrains\IntelliJ IDEA Community Edition 2025.2.4\lib\idea_rt.jar;C:\Program Files\JetBrains\IntelliJ IDEA Community Edition 2025.2.4\plugins\testng\lib\testng-rt.jar;C:\Users\topan\IdeaProjects\parabank\target\test-classes;C:\Users\topan\.m2\repository\org\seleniumhq\selenium\selenium-java\4.27.0\selenium-java-4.27.0.jar;C:\Users\topan\.m2\repository\org\seleniumhq\selenium\selenium-api\4.27.0\selenium-api-4.27.0.jar;C:\Users\topan\.m2\repository\org\jspecify\jspecify\1.0.0\jspecify-1.0.0.jar;C:\Users\topan\.m2\repository\org\seleniumhq\selenium\selenium-chrome-driver\4.27.0\selenium-chrome-driver-4.27.0.jar;C:\Users\topan\.m2\repository\com\google\auto\service\auto-service-annotations\1.1.1\auto-service-annotations-1.1.1.jar;C:\Users\topan\.m2\repository\org\seleniumhq\selenium\selenium-chromium-driver\4.27.0\selenium-chromium-driver-4.27.0.jar;C:\Users\topan\.m2\repository\org\seleniumhq\selenium\selenium-json\4.27.0\selenium-json-4.27.0.jar;C:\Users\topan\.m2\repository\org\seleniumhq\selenium\selenium-manager\4.27.0\selenium-manager-4.27.0.jar;C:\Users\topan\.m2\repository\org\seleniumhq\selenium\selenium-devtools-v129\4.27.0\selenium-devtools-v129-4.27.0.jar;C:\Users\topan\.m2\repository\org\seleniumhq\selenium\selenium-devtools-v130\4.27.0\selenium-devtools-v130-4.27.0.jar;C:\Users\topan\.m2\repository\org\seleniumhq\selenium\selenium-devtools-v131\4.27.0\selenium-devtools-v131-4.27.0.jar;C:\Users\topan\.m2\repository\org\seleniumhq\selenium\selenium-devtools-v85\4.27.0\selenium-devtools-v85-4.27.0.jar;C:\Users\topan\.m2\repository\org\seleniumhq\selenium\selenium-edge-driver\4.27.0\selenium-edge-driver-4.27.0.jar;C:\Users\topan\.m2\repository\org\seleniumhq\selenium\selenium-firefox-driver\4.27.0\selenium-firefox-driver-4.27.0.jar;C:\Users\topan\.m2\repository\org\seleniumhq\selenium\selenium-http\4.27.0\selenium-http-4.27.0.jar;C:\Users\topan\.m2\repository\dev\failsafe\failsafe\3.3.2\failsafe-3.3.2.jar;C:\User
Launcher Type: SUN_STANDARD

[Global flags]
     intx CICompilerCount                          = 3                                         {product} {ergonomic}
     uint ConcGCThreads                            = 1                                         {product} {ergonomic}
     uint G1ConcRefinementThreads                  = 4                                         {product} {ergonomic}
   size_t G1HeapRegionSize                         = 1048576                                   {product} {ergonomic}
    uintx GCDrainStackTargetSize                   = 64                                        {product} {ergonomic}
   size_t InitialHeapSize                          = 132120576                                 {product} {ergonomic}
   size_t MarkStackSize                            = 4194304                                   {product} {ergonomic}
   size_t MaxHeapSize                              = 2090860544                                {product} {ergonomic}
   size_t MaxNewSize                               = 1254096896                                {product} {ergonomic}
   size_t MinHeapDeltaBytes                        = 1048576                                   {product} {ergonomic}
   size_t MinHeapSize                              = 8388608                                   {product} {ergonomic}
    uintx NonNMethodCodeHeapSize                   = 5832780                                {pd product} {ergonomic}
    uintx NonProfiledCodeHeapSize                  = 122912730                              {pd product} {ergonomic}
    uintx ProfiledCodeHeapSize                     = 122912730                              {pd product} {ergonomic}
    uintx ReservedCodeCacheSize                    = 251658240                              {pd product} {ergonomic}
     bool SegmentedCodeCache                       = true                                      {product} {ergonomic}
   size_t SoftMaxHeapSize                          = 2090860544                             {manageable} {ergonomic}
     bool UseCompressedClassPointers               = true                           {product lp64_product} {ergonomic}
     bool UseCompressedOops                        = true                           {product lp64_product} {ergonomic}
     bool UseG1GC                                  = true                                      {product} {ergonomic}
     bool UseLargePagesIndividualAllocation        = false                                  {pd product} {ergonomic}

Logging:
Log output configuration:
 #0: stdout all=warning uptime,level,tags
 #1: stderr all=off uptime,level,tags

Environment Variables:
PATH=C:\WINDOWS\system32;C:\WINDOWS;C:\WINDOWS\System32\Wbem;C:\WINDOWS\System32\WindowsPowerShell\v1.0\;C:\WINDOWS\System32\OpenSSH\;C:\Program Files\dotnet\;C:\Program Files\MySQL\MySQL Server 9.4\bin;C:\Program Files\Git\cmd;C:\Users\topan\AppData\Local\Microsoft\WindowsApps;C:\Users\topan\AppData\Local\Programs\Microsoft VS Code\bin;C:\Users\topan\AppData\Local\GitHubDesktop\bin;
USERNAME=topan
OS=Windows_NT
PROCESSOR_IDENTIFIER=Intel64 Family 6 Model 140 Stepping 2, GenuineIntel
TMP=C:\Users\topan\AppData\Local\Temp
TEMP=C:\Users\topan\AppData\Local\Temp



Periodic native trim disabled


---------------  S Y S T E M  ---------------

OS:
 Windows 11 , 64 bit Build 26100 (10.0.26100.6725)
OS uptime: 1 days 9:02 hours

CPU: total 4 (initial active 4) (2 cores per cpu, 2 threads per core) family 6 model 140 stepping 2 microcode 0x26, cx8, cmov, fxsr, ht, mmx, 3dnowpref, sse, sse2, sse3, ssse3, sse4.1, sse4.2, popcnt, lzcnt, tsc, tscinvbit, avx, avx2, aes, erms, clmul, bmi1, bmi2, adx, avx512f, avx512dq, avx512cd, avx512bw, avx512vl, sha, fma, vzeroupper, avx512_vpopcntdq, avx512_vpclmulqdq, avx512_vaes, avx512_vnni, clflush, clflushopt, clwb, avx512_vbmi2, avx512_vbmi
Processor Information for the first 4 processors :
  Max Mhz: 2995, Current Mhz: 2995, Mhz Limit: 2995

Memory: 4k page, system-wide physical 7975M (543M free)
TotalPageFile size 20329M (AvailPageFile size 3M)
current process WorkingSet (physical memory assigned to process): 98M, peak: 98M
current process commit charge ("private bytes"): 239M, peak: 239M

vm_info: OpenJDK 64-Bit Server VM (17.0.17+10-LTS) for windows-amd64 JRE (17.0.17+10-LTS), built on Oct 13 2025 22:19:56 by "MicrosoftCorporation" with unknown MS VC++:1944

END.
